mode: set
github.com/rajsinghtech/tailscale-gateway/api/v1alpha1/status_conditions.go:14.128,23.40 2 0
github.com/rajsinghtech/tailscale-gateway/api/v1alpha1/status_conditions.go:23.40,24.38 1 0
github.com/rajsinghtech/tailscale-gateway/api/v1alpha1/status_conditions.go:24.38,26.64 1 0
github.com/rajsinghtech/tailscale-gateway/api/v1alpha1/status_conditions.go:26.64,28.5 1 0
github.com/rajsinghtech/tailscale-gateway/api/v1alpha1/status_conditions.go:28.10,31.5 1 0
github.com/rajsinghtech/tailscale-gateway/api/v1alpha1/status_conditions.go:32.4,32.10 1 0
github.com/rajsinghtech/tailscale-gateway/api/v1alpha1/status_conditions.go:37.2,37.49 1 0
github.com/rajsinghtech/tailscale-gateway/api/v1alpha1/status_conditions.go:41.90,42.39 1 0
github.com/rajsinghtech/tailscale-gateway/api/v1alpha1/status_conditions.go:42.39,43.38 1 0
github.com/rajsinghtech/tailscale-gateway/api/v1alpha1/status_conditions.go:43.38,45.4 1 0
github.com/rajsinghtech/tailscale-gateway/api/v1alpha1/status_conditions.go:47.2,47.12 1 0
github.com/rajsinghtech/tailscale-gateway/api/v1alpha1/status_conditions.go:51.80,54.2 2 0
github.com/rajsinghtech/tailscale-gateway/api/v1alpha1/status_conditions.go:57.81,60.2 2 0
github.com/rajsinghtech/tailscale-gateway/api/v1alpha1/status_conditions.go:63.83,66.2 2 0
github.com/rajsinghtech/tailscale-gateway/api/v1alpha1/status_conditions.go:69.92,71.12 2 0
github.com/rajsinghtech/tailscale-gateway/api/v1alpha1/status_conditions.go:71.12,73.3 1 0
github.com/rajsinghtech/tailscale-gateway/api/v1alpha1/status_conditions.go:74.2,74.67 1 0
github.com/rajsinghtech/tailscale-gateway/api/v1alpha1/status_conditions.go:78.104,80.18 2 0
github.com/rajsinghtech/tailscale-gateway/api/v1alpha1/status_conditions.go:80.18,82.3 1 0
github.com/rajsinghtech/tailscale-gateway/api/v1alpha1/status_conditions.go:83.2,83.73 1 0
github.com/rajsinghtech/tailscale-gateway/api/v1alpha1/status_conditions.go:87.98,89.15 2 0
github.com/rajsinghtech/tailscale-gateway/api/v1alpha1/status_conditions.go:89.15,91.3 1 0
github.com/rajsinghtech/tailscale-gateway/api/v1alpha1/status_conditions.go:92.2,92.70 1 0
github.com/rajsinghtech/tailscale-gateway/api/v1alpha1/status_conditions.go:96.104,98.16 2 0
github.com/rajsinghtech/tailscale-gateway/api/v1alpha1/status_conditions.go:98.16,100.3 1 0
github.com/rajsinghtech/tailscale-gateway/api/v1alpha1/status_conditions.go:101.2,101.80 1 0
github.com/rajsinghtech/tailscale-gateway/api/v1alpha1/status_conditions.go:105.96,107.12 2 0
github.com/rajsinghtech/tailscale-gateway/api/v1alpha1/status_conditions.go:107.12,109.3 1 0
github.com/rajsinghtech/tailscale-gateway/api/v1alpha1/status_conditions.go:110.2,110.71 1 0
github.com/rajsinghtech/tailscale-gateway/api/v1alpha1/status_conditions.go:114.108,116.20 2 0
github.com/rajsinghtech/tailscale-gateway/api/v1alpha1/status_conditions.go:116.20,118.3 1 0
github.com/rajsinghtech/tailscale-gateway/api/v1alpha1/status_conditions.go:119.2,119.75 1 0
github.com/rajsinghtech/tailscale-gateway/api/v1alpha1/status_conditions.go:139.74,146.39 3 0
github.com/rajsinghtech/tailscale-gateway/api/v1alpha1/status_conditions.go:146.39,147.64 1 0
github.com/rajsinghtech/tailscale-gateway/api/v1alpha1/status_conditions.go:147.64,149.4 1 0
github.com/rajsinghtech/tailscale-gateway/api/v1alpha1/status_conditions.go:151.3,151.27 1 0
github.com/rajsinghtech/tailscale-gateway/api/v1alpha1/status_conditions.go:152.30,153.29 1 0
github.com/rajsinghtech/tailscale-gateway/api/v1alpha1/status_conditions.go:154.32,155.31 1 0
github.com/rajsinghtech/tailscale-gateway/api/v1alpha1/status_conditions.go:158.3,158.25 1 0
github.com/rajsinghtech/tailscale-gateway/api/v1alpha1/status_conditions.go:159.23,160.60 1 0
github.com/rajsinghtech/tailscale-gateway/api/v1alpha1/status_conditions.go:161.29,162.66 1 0
github.com/rajsinghtech/tailscale-gateway/api/v1alpha1/status_conditions.go:163.26,164.63 1 0
github.com/rajsinghtech/tailscale-gateway/api/v1alpha1/status_conditions.go:165.36,166.73 1 0
github.com/rajsinghtech/tailscale-gateway/api/v1alpha1/status_conditions.go:167.27,168.64 1 0
github.com/rajsinghtech/tailscale-gateway/api/v1alpha1/status_conditions.go:169.31,170.68 1 0
github.com/rajsinghtech/tailscale-gateway/api/v1alpha1/status_conditions.go:171.32,172.69 1 0
github.com/rajsinghtech/tailscale-gateway/api/v1alpha1/status_conditions.go:173.35,174.72 1 0
github.com/rajsinghtech/tailscale-gateway/api/v1alpha1/status_conditions.go:178.2,178.32 1 0
github.com/rajsinghtech/tailscale-gateway/api/v1alpha1/status_conditions.go:178.32,180.3 1 0
github.com/rajsinghtech/tailscale-gateway/api/v1alpha1/status_conditions.go:182.2,182.16 1 0
github.com/rajsinghtech/tailscale-gateway/api/v1alpha1/status_conditions.go:188.74,190.24 1 0
github.com/rajsinghtech/tailscale-gateway/api/v1alpha1/status_conditions.go:190.24,192.3 1 0
github.com/rajsinghtech/tailscale-gateway/api/v1alpha1/status_conditions.go:195.2,195.28 1 0
github.com/rajsinghtech/tailscale-gateway/api/v1alpha1/status_conditions.go:195.28,197.3 1 0
github.com/rajsinghtech/tailscale-gateway/api/v1alpha1/status_conditions.go:200.2,203.30 2 0
github.com/rajsinghtech/tailscale-gateway/api/v1alpha1/status_conditions.go:203.30,205.3 1 0
github.com/rajsinghtech/tailscale-gateway/api/v1alpha1/status_conditions.go:209.85,211.29 2 0
github.com/rajsinghtech/tailscale-gateway/api/v1alpha1/status_conditions.go:211.29,212.33 1 0
github.com/rajsinghtech/tailscale-gateway/api/v1alpha1/status_conditions.go:212.33,214.4 1 0
github.com/rajsinghtech/tailscale-gateway/api/v1alpha1/status_conditions.go:216.2,216.24 1 0
github.com/rajsinghtech/tailscale-gateway/api/v1alpha1/status_conditions.go:220.83,222.29 2 0
github.com/rajsinghtech/tailscale-gateway/api/v1alpha1/status_conditions.go:222.29,223.31 1 0
github.com/rajsinghtech/tailscale-gateway/api/v1alpha1/status_conditions.go:223.31,225.4 1 0
github.com/rajsinghtech/tailscale-gateway/api/v1alpha1/status_conditions.go:227.2,227.23 1 0
github.com/rajsinghtech/tailscale-gateway/api/v1alpha1/status_conditions.go:231.53,232.29 1 0
github.com/rajsinghtech/tailscale-gateway/api/v1alpha1/status_conditions.go:232.29,233.39 1 0
github.com/rajsinghtech/tailscale-gateway/api/v1alpha1/status_conditions.go:233.39,235.4 1 0
github.com/rajsinghtech/tailscale-gateway/api/v1alpha1/status_conditions.go:237.2,237.14 1 0
github.com/rajsinghtech/tailscale-gateway/api/v1alpha1/status_conditions.go:241.72,244.29 2 0
github.com/rajsinghtech/tailscale-gateway/api/v1alpha1/status_conditions.go:244.29,245.36 1 0
github.com/rajsinghtech/tailscale-gateway/api/v1alpha1/status_conditions.go:245.36,247.4 1 0
github.com/rajsinghtech/tailscale-gateway/api/v1alpha1/status_conditions.go:248.3,248.41 1 0
github.com/rajsinghtech/tailscale-gateway/api/v1alpha1/status_conditions.go:251.2,251.16 1 0
github.com/rajsinghtech/tailscale-gateway/api/v1alpha1/tailnettailscale_types.go:189.13,191.2 1 0
github.com/rajsinghtech/tailscale-gateway/api/v1alpha1/tailscaleendpoints_types.go:506.13,508.2 1 0
github.com/rajsinghtech/tailscale-gateway/api/v1alpha1/tailscalegateway_types.go:428.13,430.2 1 0
github.com/rajsinghtech/tailscale-gateway/api/v1alpha1/tailscaleroutepolicy_types.go:478.13,480.2 1 0
github.com/rajsinghtech/tailscale-gateway/api/v1alpha1/zz_generated.deepcopy.go:31.57,33.29 2 0
github.com/rajsinghtech/tailscale-gateway/api/v1alpha1/zz_generated.deepcopy.go:33.29,36.3 2 0
github.com/rajsinghtech/tailscale-gateway/api/v1alpha1/zz_generated.deepcopy.go:37.2,37.36 1 0
github.com/rajsinghtech/tailscale-gateway/api/v1alpha1/zz_generated.deepcopy.go:37.36,41.3 3 0
github.com/rajsinghtech/tailscale-gateway/api/v1alpha1/zz_generated.deepcopy.go:45.50,46.15 1 0
github.com/rajsinghtech/tailscale-gateway/api/v1alpha1/zz_generated.deepcopy.go:46.15,48.3 1 0
github.com/rajsinghtech/tailscale-gateway/api/v1alpha1/zz_generated.deepcopy.go:49.2,51.12 3 0
github.com/rajsinghtech/tailscale-gateway/api/v1alpha1/zz_generated.deepcopy.go:55.71,57.33 2 0
github.com/rajsinghtech/tailscale-gateway/api/v1alpha1/zz_generated.deepcopy.go:57.33,60.3 2 0
github.com/rajsinghtech/tailscale-gateway/api/v1alpha1/zz_generated.deepcopy.go:61.2,61.33 1 0
github.com/rajsinghtech/tailscale-gateway/api/v1alpha1/zz_generated.deepcopy.go:61.33,65.3 3 0
github.com/rajsinghtech/tailscale-gateway/api/v1alpha1/zz_generated.deepcopy.go:66.2,66.31 1 0
github.com/rajsinghtech/tailscale-gateway/api/v1alpha1/zz_generated.deepcopy.go:66.31,69.22 3 0
github.com/rajsinghtech/tailscale-gateway/api/v1alpha1/zz_generated.deepcopy.go:69.22,71.4 1 0
github.com/rajsinghtech/tailscale-gateway/api/v1alpha1/zz_generated.deepcopy.go:73.2,73.25 1 0
github.com/rajsinghtech/tailscale-gateway/api/v1alpha1/zz_generated.deepcopy.go:73.25,77.3 3 0
github.com/rajsinghtech/tailscale-gateway/api/v1alpha1/zz_generated.deepcopy.go:81.64,82.15 1 0
github.com/rajsinghtech/tailscale-gateway/api/v1alpha1/zz_generated.deepcopy.go:82.15,84.3 1 0
github.com/rajsinghtech/tailscale-gateway/api/v1alpha1/zz_generated.deepcopy.go:85.2,87.12 3 0
github.com/rajsinghtech/tailscale-gateway/api/v1alpha1/zz_generated.deepcopy.go:91.53,94.22 3 0
github.com/rajsinghtech/tailscale-gateway/api/v1alpha1/zz_generated.deepcopy.go:94.22,98.3 3 0
github.com/rajsinghtech/tailscale-gateway/api/v1alpha1/zz_generated.deepcopy.go:102.46,103.15 1 0
github.com/rajsinghtech/tailscale-gateway/api/v1alpha1/zz_generated.deepcopy.go:103.15,105.3 1 0
github.com/rajsinghtech/tailscale-gateway/api/v1alpha1/zz_generated.deepcopy.go:106.2,108.12 3 0
github.com/rajsinghtech/tailscale-gateway/api/v1alpha1/zz_generated.deepcopy.go:112.65,114.2 1 0
github.com/rajsinghtech/tailscale-gateway/api/v1alpha1/zz_generated.deepcopy.go:117.58,118.15 1 0
github.com/rajsinghtech/tailscale-gateway/api/v1alpha1/zz_generated.deepcopy.go:118.15,120.3 1 0
github.com/rajsinghtech/tailscale-gateway/api/v1alpha1/zz_generated.deepcopy.go:121.2,123.12 3 0
github.com/rajsinghtech/tailscale-gateway/api/v1alpha1/zz_generated.deepcopy.go:127.65,129.28 2 0
github.com/rajsinghtech/tailscale-gateway/api/v1alpha1/zz_generated.deepcopy.go:129.28,133.3 3 0
github.com/rajsinghtech/tailscale-gateway/api/v1alpha1/zz_generated.deepcopy.go:134.2,134.27 1 0
github.com/rajsinghtech/tailscale-gateway/api/v1alpha1/zz_generated.deepcopy.go:134.27,138.3 3 0
github.com/rajsinghtech/tailscale-gateway/api/v1alpha1/zz_generated.deepcopy.go:139.2,139.34 1 0
github.com/rajsinghtech/tailscale-gateway/api/v1alpha1/zz_generated.deepcopy.go:139.34,143.3 3 0
github.com/rajsinghtech/tailscale-gateway/api/v1alpha1/zz_generated.deepcopy.go:144.2,144.37 1 0
github.com/rajsinghtech/tailscale-gateway/api/v1alpha1/zz_generated.deepcopy.go:144.37,147.3 2 0
github.com/rajsinghtech/tailscale-gateway/api/v1alpha1/zz_generated.deepcopy.go:148.2,148.32 1 0
github.com/rajsinghtech/tailscale-gateway/api/v1alpha1/zz_generated.deepcopy.go:148.32,151.22 3 0
github.com/rajsinghtech/tailscale-gateway/api/v1alpha1/zz_generated.deepcopy.go:151.22,153.4 1 0
github.com/rajsinghtech/tailscale-gateway/api/v1alpha1/zz_generated.deepcopy.go:158.58,159.15 1 0
github.com/rajsinghtech/tailscale-gateway/api/v1alpha1/zz_generated.deepcopy.go:159.15,161.3 1 0
github.com/rajsinghtech/tailscale-gateway/api/v1alpha1/zz_generated.deepcopy.go:162.2,164.12 3 0
github.com/rajsinghtech/tailscale-gateway/api/v1alpha1/zz_generated.deepcopy.go:168.65,170.29 2 0
github.com/rajsinghtech/tailscale-gateway/api/v1alpha1/zz_generated.deepcopy.go:170.29,173.3 2 0
github.com/rajsinghtech/tailscale-gateway/api/v1alpha1/zz_generated.deepcopy.go:174.2,174.25 1 0
github.com/rajsinghtech/tailscale-gateway/api/v1alpha1/zz_generated.deepcopy.go:174.25,177.3 2 0
github.com/rajsinghtech/tailscale-gateway/api/v1alpha1/zz_generated.deepcopy.go:178.2,178.22 1 0
github.com/rajsinghtech/tailscale-gateway/api/v1alpha1/zz_generated.deepcopy.go:178.22,182.3 3 0
github.com/rajsinghtech/tailscale-gateway/api/v1alpha1/zz_generated.deepcopy.go:183.2,183.33 1 0
github.com/rajsinghtech/tailscale-gateway/api/v1alpha1/zz_generated.deepcopy.go:183.33,187.3 3 0
github.com/rajsinghtech/tailscale-gateway/api/v1alpha1/zz_generated.deepcopy.go:188.2,188.27 1 0
github.com/rajsinghtech/tailscale-gateway/api/v1alpha1/zz_generated.deepcopy.go:188.27,191.3 2 0
github.com/rajsinghtech/tailscale-gateway/api/v1alpha1/zz_generated.deepcopy.go:192.2,192.32 1 0
github.com/rajsinghtech/tailscale-gateway/api/v1alpha1/zz_generated.deepcopy.go:192.32,195.22 3 0
github.com/rajsinghtech/tailscale-gateway/api/v1alpha1/zz_generated.deepcopy.go:195.22,197.4 1 0
github.com/rajsinghtech/tailscale-gateway/api/v1alpha1/zz_generated.deepcopy.go:202.58,203.15 1 0
github.com/rajsinghtech/tailscale-gateway/api/v1alpha1/zz_generated.deepcopy.go:203.15,205.3 1 0
github.com/rajsinghtech/tailscale-gateway/api/v1alpha1/zz_generated.deepcopy.go:206.2,208.12 3 0
github.com/rajsinghtech/tailscale-gateway/api/v1alpha1/zz_generated.deepcopy.go:212.65,216.31 4 0
github.com/rajsinghtech/tailscale-gateway/api/v1alpha1/zz_generated.deepcopy.go:216.31,220.3 3 0
github.com/rajsinghtech/tailscale-gateway/api/v1alpha1/zz_generated.deepcopy.go:221.2,221.32 1 0
github.com/rajsinghtech/tailscale-gateway/api/v1alpha1/zz_generated.deepcopy.go:221.32,225.3 3 0
github.com/rajsinghtech/tailscale-gateway/api/v1alpha1/zz_generated.deepcopy.go:229.58,230.15 1 0
github.com/rajsinghtech/tailscale-gateway/api/v1alpha1/zz_generated.deepcopy.go:230.15,232.3 1 0
github.com/rajsinghtech/tailscale-gateway/api/v1alpha1/zz_generated.deepcopy.go:233.2,235.12 3 0
github.com/rajsinghtech/tailscale-gateway/api/v1alpha1/zz_generated.deepcopy.go:239.59,242.25 3 0
github.com/rajsinghtech/tailscale-gateway/api/v1alpha1/zz_generated.deepcopy.go:242.25,245.3 2 0
github.com/rajsinghtech/tailscale-gateway/api/v1alpha1/zz_generated.deepcopy.go:246.2,246.23 1 0
github.com/rajsinghtech/tailscale-gateway/api/v1alpha1/zz_generated.deepcopy.go:246.23,249.29 3 0
github.com/rajsinghtech/tailscale-gateway/api/v1alpha1/zz_generated.deepcopy.go:249.29,251.4 1 0
github.com/rajsinghtech/tailscale-gateway/api/v1alpha1/zz_generated.deepcopy.go:253.2,253.30 1 0
github.com/rajsinghtech/tailscale-gateway/api/v1alpha1/zz_generated.deepcopy.go:253.30,257.3 3 0
github.com/rajsinghtech/tailscale-gateway/api/v1alpha1/zz_generated.deepcopy.go:258.2,258.27 1 0
github.com/rajsinghtech/tailscale-gateway/api/v1alpha1/zz_generated.deepcopy.go:258.27,262.3 3 0
github.com/rajsinghtech/tailscale-gateway/api/v1alpha1/zz_generated.deepcopy.go:266.52,267.15 1 0
github.com/rajsinghtech/tailscale-gateway/api/v1alpha1/zz_generated.deepcopy.go:267.15,269.3 1 0
github.com/rajsinghtech/tailscale-gateway/api/v1alpha1/zz_generated.deepcopy.go:270.2,272.12 3 0
github.com/rajsinghtech/tailscale-gateway/api/v1alpha1/zz_generated.deepcopy.go:276.67,278.2 1 0
github.com/rajsinghtech/tailscale-gateway/api/v1alpha1/zz_generated.deepcopy.go:281.60,282.15 1 0
github.com/rajsinghtech/tailscale-gateway/api/v1alpha1/zz_generated.deepcopy.go:282.15,284.3 1 0
github.com/rajsinghtech/tailscale-gateway/api/v1alpha1/zz_generated.deepcopy.go:285.2,287.12 3 0
github.com/rajsinghtech/tailscale-gateway/api/v1alpha1/zz_generated.deepcopy.go:291.75,293.28 2 0
github.com/rajsinghtech/tailscale-gateway/api/v1alpha1/zz_generated.deepcopy.go:293.28,297.3 3 0
github.com/rajsinghtech/tailscale-gateway/api/v1alpha1/zz_generated.deepcopy.go:298.2,298.28 1 0
github.com/rajsinghtech/tailscale-gateway/api/v1alpha1/zz_generated.deepcopy.go:298.28,301.22 3 0
github.com/rajsinghtech/tailscale-gateway/api/v1alpha1/zz_generated.deepcopy.go:301.22,303.4 1 0
github.com/rajsinghtech/tailscale-gateway/api/v1alpha1/zz_generated.deepcopy.go:305.2,305.32 1 0
github.com/rajsinghtech/tailscale-gateway/api/v1alpha1/zz_generated.deepcopy.go:305.32,309.3 3 0
github.com/rajsinghtech/tailscale-gateway/api/v1alpha1/zz_generated.deepcopy.go:313.68,314.15 1 0
github.com/rajsinghtech/tailscale-gateway/api/v1alpha1/zz_generated.deepcopy.go:314.15,316.3 1 0
github.com/rajsinghtech/tailscale-gateway/api/v1alpha1/zz_generated.deepcopy.go:317.2,319.12 3 0
github.com/rajsinghtech/tailscale-gateway/api/v1alpha1/zz_generated.deepcopy.go:323.71,325.24 2 0
github.com/rajsinghtech/tailscale-gateway/api/v1alpha1/zz_generated.deepcopy.go:325.24,329.3 3 0
github.com/rajsinghtech/tailscale-gateway/api/v1alpha1/zz_generated.deepcopy.go:330.2,330.23 1 0
github.com/rajsinghtech/tailscale-gateway/api/v1alpha1/zz_generated.deepcopy.go:330.23,334.3 3 0
github.com/rajsinghtech/tailscale-gateway/api/v1alpha1/zz_generated.deepcopy.go:335.2,335.32 1 0
github.com/rajsinghtech/tailscale-gateway/api/v1alpha1/zz_generated.deepcopy.go:335.32,339.3 3 0
github.com/rajsinghtech/tailscale-gateway/api/v1alpha1/zz_generated.deepcopy.go:340.2,340.34 1 0
github.com/rajsinghtech/tailscale-gateway/api/v1alpha1/zz_generated.deepcopy.go:340.34,344.3 3 0
github.com/rajsinghtech/tailscale-gateway/api/v1alpha1/zz_generated.deepcopy.go:348.64,349.15 1 0
github.com/rajsinghtech/tailscale-gateway/api/v1alpha1/zz_generated.deepcopy.go:349.15,351.3 1 0
github.com/rajsinghtech/tailscale-gateway/api/v1alpha1/zz_generated.deepcopy.go:352.2,354.12 3 0
github.com/rajsinghtech/tailscale-gateway/api/v1alpha1/zz_generated.deepcopy.go:358.61,360.31 2 0
github.com/rajsinghtech/tailscale-gateway/api/v1alpha1/zz_generated.deepcopy.go:360.31,363.3 2 0
github.com/rajsinghtech/tailscale-gateway/api/v1alpha1/zz_generated.deepcopy.go:364.2,364.20 1 0
github.com/rajsinghtech/tailscale-gateway/api/v1alpha1/zz_generated.deepcopy.go:364.20,368.3 3 0
github.com/rajsinghtech/tailscale-gateway/api/v1alpha1/zz_generated.deepcopy.go:369.2,369.34 1 0
github.com/rajsinghtech/tailscale-gateway/api/v1alpha1/zz_generated.deepcopy.go:369.34,373.3 3 0
github.com/rajsinghtech/tailscale-gateway/api/v1alpha1/zz_generated.deepcopy.go:374.2,374.32 1 0
github.com/rajsinghtech/tailscale-gateway/api/v1alpha1/zz_generated.deepcopy.go:374.32,378.3 3 0
github.com/rajsinghtech/tailscale-gateway/api/v1alpha1/zz_generated.deepcopy.go:379.2,379.25 1 0
github.com/rajsinghtech/tailscale-gateway/api/v1alpha1/zz_generated.deepcopy.go:379.25,383.3 3 0
github.com/rajsinghtech/tailscale-gateway/api/v1alpha1/zz_generated.deepcopy.go:384.2,384.22 1 0
github.com/rajsinghtech/tailscale-gateway/api/v1alpha1/zz_generated.deepcopy.go:384.22,388.3 3 0
github.com/rajsinghtech/tailscale-gateway/api/v1alpha1/zz_generated.deepcopy.go:392.54,393.15 1 0
github.com/rajsinghtech/tailscale-gateway/api/v1alpha1/zz_generated.deepcopy.go:393.15,395.3 1 0
github.com/rajsinghtech/tailscale-gateway/api/v1alpha1/zz_generated.deepcopy.go:396.2,398.12 3 0
github.com/rajsinghtech/tailscale-gateway/api/v1alpha1/zz_generated.deepcopy.go:402.75,404.25 2 0
github.com/rajsinghtech/tailscale-gateway/api/v1alpha1/zz_generated.deepcopy.go:404.25,408.3 3 0
github.com/rajsinghtech/tailscale-gateway/api/v1alpha1/zz_generated.deepcopy.go:409.2,409.20 1 0
github.com/rajsinghtech/tailscale-gateway/api/v1alpha1/zz_generated.deepcopy.go:409.20,413.3 3 0
github.com/rajsinghtech/tailscale-gateway/api/v1alpha1/zz_generated.deepcopy.go:414.2,414.19 1 0
github.com/rajsinghtech/tailscale-gateway/api/v1alpha1/zz_generated.deepcopy.go:414.19,418.3 3 0
github.com/rajsinghtech/tailscale-gateway/api/v1alpha1/zz_generated.deepcopy.go:422.68,423.15 1 0
github.com/rajsinghtech/tailscale-gateway/api/v1alpha1/zz_generated.deepcopy.go:423.15,425.3 1 0
github.com/rajsinghtech/tailscale-gateway/api/v1alpha1/zz_generated.deepcopy.go:426.2,428.12 3 0
github.com/rajsinghtech/tailscale-gateway/api/v1alpha1/zz_generated.deepcopy.go:432.75,434.28 2 0
github.com/rajsinghtech/tailscale-gateway/api/v1alpha1/zz_generated.deepcopy.go:434.28,437.3 2 0
github.com/rajsinghtech/tailscale-gateway/api/v1alpha1/zz_generated.deepcopy.go:438.2,438.31 1 0
github.com/rajsinghtech/tailscale-gateway/api/v1alpha1/zz_generated.deepcopy.go:438.31,442.3 3 0
github.com/rajsinghtech/tailscale-gateway/api/v1alpha1/zz_generated.deepcopy.go:443.2,443.29 1 0
github.com/rajsinghtech/tailscale-gateway/api/v1alpha1/zz_generated.deepcopy.go:443.29,446.22 3 0
github.com/rajsinghtech/tailscale-gateway/api/v1alpha1/zz_generated.deepcopy.go:446.22,448.4 1 0
github.com/rajsinghtech/tailscale-gateway/api/v1alpha1/zz_generated.deepcopy.go:450.2,450.32 1 0
github.com/rajsinghtech/tailscale-gateway/api/v1alpha1/zz_generated.deepcopy.go:450.32,453.22 3 0
github.com/rajsinghtech/tailscale-gateway/api/v1alpha1/zz_generated.deepcopy.go:453.22,455.4 1 0
github.com/rajsinghtech/tailscale-gateway/api/v1alpha1/zz_generated.deepcopy.go:460.68,461.15 1 0
github.com/rajsinghtech/tailscale-gateway/api/v1alpha1/zz_generated.deepcopy.go:461.15,463.3 1 0
github.com/rajsinghtech/tailscale-gateway/api/v1alpha1/zz_generated.deepcopy.go:464.2,466.12 3 0
github.com/rajsinghtech/tailscale-gateway/api/v1alpha1/zz_generated.deepcopy.go:470.69,472.30 2 0
github.com/rajsinghtech/tailscale-gateway/api/v1alpha1/zz_generated.deepcopy.go:472.30,476.3 3 0
github.com/rajsinghtech/tailscale-gateway/api/v1alpha1/zz_generated.deepcopy.go:477.2,477.34 1 0
github.com/rajsinghtech/tailscale-gateway/api/v1alpha1/zz_generated.deepcopy.go:477.34,481.3 3 0
github.com/rajsinghtech/tailscale-gateway/api/v1alpha1/zz_generated.deepcopy.go:485.62,486.15 1 0
github.com/rajsinghtech/tailscale-gateway/api/v1alpha1/zz_generated.deepcopy.go:486.15,488.3 1 0
github.com/rajsinghtech/tailscale-gateway/api/v1alpha1/zz_generated.deepcopy.go:489.2,491.12 3 0
github.com/rajsinghtech/tailscale-gateway/api/v1alpha1/zz_generated.deepcopy.go:495.75,497.30 2 0
github.com/rajsinghtech/tailscale-gateway/api/v1alpha1/zz_generated.deepcopy.go:497.30,500.3 2 0
github.com/rajsinghtech/tailscale-gateway/api/v1alpha1/zz_generated.deepcopy.go:504.68,505.15 1 0
github.com/rajsinghtech/tailscale-gateway/api/v1alpha1/zz_generated.deepcopy.go:505.15,507.3 1 0
github.com/rajsinghtech/tailscale-gateway/api/v1alpha1/zz_generated.deepcopy.go:508.2,510.12 3 0
github.com/rajsinghtech/tailscale-gateway/api/v1alpha1/zz_generated.deepcopy.go:514.45,516.2 1 0
github.com/rajsinghtech/tailscale-gateway/api/v1alpha1/zz_generated.deepcopy.go:519.38,520.15 1 0
github.com/rajsinghtech/tailscale-gateway/api/v1alpha1/zz_generated.deepcopy.go:520.15,522.3 1 0
github.com/rajsinghtech/tailscale-gateway/api/v1alpha1/zz_generated.deepcopy.go:523.2,525.12 3 0
github.com/rajsinghtech/tailscale-gateway/api/v1alpha1/zz_generated.deepcopy.go:529.55,531.2 1 0
github.com/rajsinghtech/tailscale-gateway/api/v1alpha1/zz_generated.deepcopy.go:534.48,535.15 1 0
github.com/rajsinghtech/tailscale-gateway/api/v1alpha1/zz_generated.deepcopy.go:535.15,537.3 1 0
github.com/rajsinghtech/tailscale-gateway/api/v1alpha1/zz_generated.deepcopy.go:538.2,540.12 3 0
github.com/rajsinghtech/tailscale-gateway/api/v1alpha1/zz_generated.deepcopy.go:544.61,546.19 2 0
github.com/rajsinghtech/tailscale-gateway/api/v1alpha1/zz_generated.deepcopy.go:546.19,550.3 3 0
github.com/rajsinghtech/tailscale-gateway/api/v1alpha1/zz_generated.deepcopy.go:551.2,551.19 1 0
github.com/rajsinghtech/tailscale-gateway/api/v1alpha1/zz_generated.deepcopy.go:551.19,555.3 3 0
github.com/rajsinghtech/tailscale-gateway/api/v1alpha1/zz_generated.deepcopy.go:556.2,556.22 1 0
github.com/rajsinghtech/tailscale-gateway/api/v1alpha1/zz_generated.deepcopy.go:556.22,560.3 3 0
github.com/rajsinghtech/tailscale-gateway/api/v1alpha1/zz_generated.deepcopy.go:564.54,565.15 1 0
github.com/rajsinghtech/tailscale-gateway/api/v1alpha1/zz_generated.deepcopy.go:565.15,567.3 1 0
github.com/rajsinghtech/tailscale-gateway/api/v1alpha1/zz_generated.deepcopy.go:568.2,570.12 3 0
github.com/rajsinghtech/tailscale-gateway/api/v1alpha1/zz_generated.deepcopy.go:574.69,576.33 2 0
github.com/rajsinghtech/tailscale-gateway/api/v1alpha1/zz_generated.deepcopy.go:576.33,580.3 3 0
github.com/rajsinghtech/tailscale-gateway/api/v1alpha1/zz_generated.deepcopy.go:581.2,581.33 1 0
github.com/rajsinghtech/tailscale-gateway/api/v1alpha1/zz_generated.deepcopy.go:581.33,585.3 3 0
github.com/rajsinghtech/tailscale-gateway/api/v1alpha1/zz_generated.deepcopy.go:586.2,586.35 1 0
github.com/rajsinghtech/tailscale-gateway/api/v1alpha1/zz_generated.deepcopy.go:586.35,590.3 3 0
github.com/rajsinghtech/tailscale-gateway/api/v1alpha1/zz_generated.deepcopy.go:591.2,591.30 1 0
github.com/rajsinghtech/tailscale-gateway/api/v1alpha1/zz_generated.deepcopy.go:591.30,594.22 3 0
github.com/rajsinghtech/tailscale-gateway/api/v1alpha1/zz_generated.deepcopy.go:594.22,596.4 1 0
github.com/rajsinghtech/tailscale-gateway/api/v1alpha1/zz_generated.deepcopy.go:598.2,598.29 1 0
github.com/rajsinghtech/tailscale-gateway/api/v1alpha1/zz_generated.deepcopy.go:598.29,602.3 3 0
github.com/rajsinghtech/tailscale-gateway/api/v1alpha1/zz_generated.deepcopy.go:606.62,607.15 1 0
github.com/rajsinghtech/tailscale-gateway/api/v1alpha1/zz_generated.deepcopy.go:607.15,609.3 1 0
github.com/rajsinghtech/tailscale-gateway/api/v1alpha1/zz_generated.deepcopy.go:610.2,612.12 3 0
github.com/rajsinghtech/tailscale-gateway/api/v1alpha1/zz_generated.deepcopy.go:616.69,619.26 3 0
github.com/rajsinghtech/tailscale-gateway/api/v1alpha1/zz_generated.deepcopy.go:619.26,623.3 3 0
github.com/rajsinghtech/tailscale-gateway/api/v1alpha1/zz_generated.deepcopy.go:624.2,624.24 1 0
github.com/rajsinghtech/tailscale-gateway/api/v1alpha1/zz_generated.deepcopy.go:624.24,628.3 3 0
github.com/rajsinghtech/tailscale-gateway/api/v1alpha1/zz_generated.deepcopy.go:629.2,629.28 1 0
github.com/rajsinghtech/tailscale-gateway/api/v1alpha1/zz_generated.deepcopy.go:629.28,633.3 3 0
github.com/rajsinghtech/tailscale-gateway/api/v1alpha1/zz_generated.deepcopy.go:637.62,638.15 1 0
github.com/rajsinghtech/tailscale-gateway/api/v1alpha1/zz_generated.deepcopy.go:638.15,640.3 1 0
github.com/rajsinghtech/tailscale-gateway/api/v1alpha1/zz_generated.deepcopy.go:641.2,643.12 3 0
github.com/rajsinghtech/tailscale-gateway/api/v1alpha1/zz_generated.deepcopy.go:647.71,649.26 2 0
github.com/rajsinghtech/tailscale-gateway/api/v1alpha1/zz_generated.deepcopy.go:649.26,653.3 3 0
github.com/rajsinghtech/tailscale-gateway/api/v1alpha1/zz_generated.deepcopy.go:654.2,655.31 2 0
github.com/rajsinghtech/tailscale-gateway/api/v1alpha1/zz_generated.deepcopy.go:655.31,658.29 3 0
github.com/rajsinghtech/tailscale-gateway/api/v1alpha1/zz_generated.deepcopy.go:658.29,660.4 1 0
github.com/rajsinghtech/tailscale-gateway/api/v1alpha1/zz_generated.deepcopy.go:662.2,662.43 1 0
github.com/rajsinghtech/tailscale-gateway/api/v1alpha1/zz_generated.deepcopy.go:666.64,667.15 1 0
github.com/rajsinghtech/tailscale-gateway/api/v1alpha1/zz_generated.deepcopy.go:667.15,669.3 1 0
github.com/rajsinghtech/tailscale-gateway/api/v1alpha1/zz_generated.deepcopy.go:670.2,672.12 3 0
github.com/rajsinghtech/tailscale-gateway/api/v1alpha1/zz_generated.deepcopy.go:676.63,678.35 2 0
github.com/rajsinghtech/tailscale-gateway/api/v1alpha1/zz_generated.deepcopy.go:678.35,682.3 3 0
github.com/rajsinghtech/tailscale-gateway/api/v1alpha1/zz_generated.deepcopy.go:683.2,683.32 1 0
github.com/rajsinghtech/tailscale-gateway/api/v1alpha1/zz_generated.deepcopy.go:683.32,687.3 3 0
github.com/rajsinghtech/tailscale-gateway/api/v1alpha1/zz_generated.deepcopy.go:688.2,688.31 1 0
github.com/rajsinghtech/tailscale-gateway/api/v1alpha1/zz_generated.deepcopy.go:688.31,691.29 3 0
github.com/rajsinghtech/tailscale-gateway/api/v1alpha1/zz_generated.deepcopy.go:691.29,693.4 1 0
github.com/rajsinghtech/tailscale-gateway/api/v1alpha1/zz_generated.deepcopy.go:698.56,699.15 1 0
github.com/rajsinghtech/tailscale-gateway/api/v1alpha1/zz_generated.deepcopy.go:699.15,701.3 1 0
github.com/rajsinghtech/tailscale-gateway/api/v1alpha1/zz_generated.deepcopy.go:702.2,704.12 3 0
github.com/rajsinghtech/tailscale-gateway/api/v1alpha1/zz_generated.deepcopy.go:708.61,710.35 2 0
github.com/rajsinghtech/tailscale-gateway/api/v1alpha1/zz_generated.deepcopy.go:710.35,714.3 3 0
github.com/rajsinghtech/tailscale-gateway/api/v1alpha1/zz_generated.deepcopy.go:718.54,719.15 1 0
github.com/rajsinghtech/tailscale-gateway/api/v1alpha1/zz_generated.deepcopy.go:719.15,721.3 1 0
github.com/rajsinghtech/tailscale-gateway/api/v1alpha1/zz_generated.deepcopy.go:722.2,724.12 3 0
github.com/rajsinghtech/tailscale-gateway/api/v1alpha1/zz_generated.deepcopy.go:728.69,730.2 1 0
github.com/rajsinghtech/tailscale-gateway/api/v1alpha1/zz_generated.deepcopy.go:733.62,734.15 1 0
github.com/rajsinghtech/tailscale-gateway/api/v1alpha1/zz_generated.deepcopy.go:734.15,736.3 1 0
github.com/rajsinghtech/tailscale-gateway/api/v1alpha1/zz_generated.deepcopy.go:737.2,739.12 3 0
github.com/rajsinghtech/tailscale-gateway/api/v1alpha1/zz_generated.deepcopy.go:743.85,745.25 2 0
github.com/rajsinghtech/tailscale-gateway/api/v1alpha1/zz_generated.deepcopy.go:745.25,749.3 3 0
github.com/rajsinghtech/tailscale-gateway/api/v1alpha1/zz_generated.deepcopy.go:750.2,750.27 1 0
github.com/rajsinghtech/tailscale-gateway/api/v1alpha1/zz_generated.deepcopy.go:750.27,754.3 3 0
github.com/rajsinghtech/tailscale-gateway/api/v1alpha1/zz_generated.deepcopy.go:758.78,759.15 1 0
github.com/rajsinghtech/tailscale-gateway/api/v1alpha1/zz_generated.deepcopy.go:759.15,761.3 1 0
github.com/rajsinghtech/tailscale-gateway/api/v1alpha1/zz_generated.deepcopy.go:762.2,764.12 3 0
github.com/rajsinghtech/tailscale-gateway/api/v1alpha1/zz_generated.deepcopy.go:768.55,770.23 2 0
github.com/rajsinghtech/tailscale-gateway/api/v1alpha1/zz_generated.deepcopy.go:770.23,774.3 3 0
github.com/rajsinghtech/tailscale-gateway/api/v1alpha1/zz_generated.deepcopy.go:778.48,779.15 1 0
github.com/rajsinghtech/tailscale-gateway/api/v1alpha1/zz_generated.deepcopy.go:779.15,781.3 1 0
github.com/rajsinghtech/tailscale-gateway/api/v1alpha1/zz_generated.deepcopy.go:782.2,784.12 3 0
github.com/rajsinghtech/tailscale-gateway/api/v1alpha1/zz_generated.deepcopy.go:788.69,791.33 3 0
github.com/rajsinghtech/tailscale-gateway/api/v1alpha1/zz_generated.deepcopy.go:791.33,795.3 3 0
github.com/rajsinghtech/tailscale-gateway/api/v1alpha1/zz_generated.deepcopy.go:796.2,796.36 1 0
github.com/rajsinghtech/tailscale-gateway/api/v1alpha1/zz_generated.deepcopy.go:796.36,800.3 3 0
github.com/rajsinghtech/tailscale-gateway/api/v1alpha1/zz_generated.deepcopy.go:801.2,801.25 1 0
github.com/rajsinghtech/tailscale-gateway/api/v1alpha1/zz_generated.deepcopy.go:801.25,805.3 3 0
github.com/rajsinghtech/tailscale-gateway/api/v1alpha1/zz_generated.deepcopy.go:806.2,806.33 1 0
github.com/rajsinghtech/tailscale-gateway/api/v1alpha1/zz_generated.deepcopy.go:806.33,810.3 3 0
github.com/rajsinghtech/tailscale-gateway/api/v1alpha1/zz_generated.deepcopy.go:814.62,815.15 1 0
github.com/rajsinghtech/tailscale-gateway/api/v1alpha1/zz_generated.deepcopy.go:815.15,817.3 1 0
github.com/rajsinghtech/tailscale-gateway/api/v1alpha1/zz_generated.deepcopy.go:818.2,820.12 3 0
github.com/rajsinghtech/tailscale-gateway/api/v1alpha1/zz_generated.deepcopy.go:824.51,826.2 1 0
github.com/rajsinghtech/tailscale-gateway/api/v1alpha1/zz_generated.deepcopy.go:829.44,830.15 1 0
github.com/rajsinghtech/tailscale-gateway/api/v1alpha1/zz_generated.deepcopy.go:830.15,832.3 1 0
github.com/rajsinghtech/tailscale-gateway/api/v1alpha1/zz_generated.deepcopy.go:833.2,835.12 3 0
github.com/rajsinghtech/tailscale-gateway/api/v1alpha1/zz_generated.deepcopy.go:839.55,841.2 1 0
github.com/rajsinghtech/tailscale-gateway/api/v1alpha1/zz_generated.deepcopy.go:844.48,845.15 1 0
github.com/rajsinghtech/tailscale-gateway/api/v1alpha1/zz_generated.deepcopy.go:845.15,847.3 1 0
github.com/rajsinghtech/tailscale-gateway/api/v1alpha1/zz_generated.deepcopy.go:848.2,850.12 3 0
github.com/rajsinghtech/tailscale-gateway/api/v1alpha1/zz_generated.deepcopy.go:854.57,856.21 2 0
github.com/rajsinghtech/tailscale-gateway/api/v1alpha1/zz_generated.deepcopy.go:856.21,860.3 3 0
github.com/rajsinghtech/tailscale-gateway/api/v1alpha1/zz_generated.deepcopy.go:861.2,861.24 1 0
github.com/rajsinghtech/tailscale-gateway/api/v1alpha1/zz_generated.deepcopy.go:861.24,865.3 3 0
github.com/rajsinghtech/tailscale-gateway/api/v1alpha1/zz_generated.deepcopy.go:866.2,866.37 1 0
github.com/rajsinghtech/tailscale-gateway/api/v1alpha1/zz_generated.deepcopy.go:866.37,870.3 3 0
github.com/rajsinghtech/tailscale-gateway/api/v1alpha1/zz_generated.deepcopy.go:871.2,871.38 1 0
github.com/rajsinghtech/tailscale-gateway/api/v1alpha1/zz_generated.deepcopy.go:871.38,875.3 3 0
github.com/rajsinghtech/tailscale-gateway/api/v1alpha1/zz_generated.deepcopy.go:879.50,880.15 1 0
github.com/rajsinghtech/tailscale-gateway/api/v1alpha1/zz_generated.deepcopy.go:880.15,882.3 1 0
github.com/rajsinghtech/tailscale-gateway/api/v1alpha1/zz_generated.deepcopy.go:883.2,885.12 3 0
github.com/rajsinghtech/tailscale-gateway/api/v1alpha1/zz_generated.deepcopy.go:889.61,893.2 3 0
github.com/rajsinghtech/tailscale-gateway/api/v1alpha1/zz_generated.deepcopy.go:896.54,897.15 1 0
github.com/rajsinghtech/tailscale-gateway/api/v1alpha1/zz_generated.deepcopy.go:897.15,899.3 1 0
github.com/rajsinghtech/tailscale-gateway/api/v1alpha1/zz_generated.deepcopy.go:900.2,902.12 3 0
github.com/rajsinghtech/tailscale-gateway/api/v1alpha1/zz_generated.deepcopy.go:906.55,908.29 2 0
github.com/rajsinghtech/tailscale-gateway/api/v1alpha1/zz_generated.deepcopy.go:908.29,912.3 3 0
github.com/rajsinghtech/tailscale-gateway/api/v1alpha1/zz_generated.deepcopy.go:913.2,913.20 1 0
github.com/rajsinghtech/tailscale-gateway/api/v1alpha1/zz_generated.deepcopy.go:913.20,917.3 3 0
github.com/rajsinghtech/tailscale-gateway/api/v1alpha1/zz_generated.deepcopy.go:918.2,918.23 1 0
github.com/rajsinghtech/tailscale-gateway/api/v1alpha1/zz_generated.deepcopy.go:918.23,922.3 3 0
github.com/rajsinghtech/tailscale-gateway/api/v1alpha1/zz_generated.deepcopy.go:923.2,923.22 1 0
github.com/rajsinghtech/tailscale-gateway/api/v1alpha1/zz_generated.deepcopy.go:923.22,927.3 3 0
github.com/rajsinghtech/tailscale-gateway/api/v1alpha1/zz_generated.deepcopy.go:931.48,932.15 1 0
github.com/rajsinghtech/tailscale-gateway/api/v1alpha1/zz_generated.deepcopy.go:932.15,934.3 1 0
github.com/rajsinghtech/tailscale-gateway/api/v1alpha1/zz_generated.deepcopy.go:935.2,937.12 3 0
github.com/rajsinghtech/tailscale-gateway/api/v1alpha1/zz_generated.deepcopy.go:941.53,943.20 2 0
github.com/rajsinghtech/tailscale-gateway/api/v1alpha1/zz_generated.deepcopy.go:943.20,947.3 3 0
github.com/rajsinghtech/tailscale-gateway/api/v1alpha1/zz_generated.deepcopy.go:948.2,948.23 1 0
github.com/rajsinghtech/tailscale-gateway/api/v1alpha1/zz_generated.deepcopy.go:948.23,951.22 3 0
github.com/rajsinghtech/tailscale-gateway/api/v1alpha1/zz_generated.deepcopy.go:951.22,953.4 1 0
github.com/rajsinghtech/tailscale-gateway/api/v1alpha1/zz_generated.deepcopy.go:955.2,955.23 1 0
github.com/rajsinghtech/tailscale-gateway/api/v1alpha1/zz_generated.deepcopy.go:955.23,958.22 3 0
github.com/rajsinghtech/tailscale-gateway/api/v1alpha1/zz_generated.deepcopy.go:958.22,960.4 1 0
github.com/rajsinghtech/tailscale-gateway/api/v1alpha1/zz_generated.deepcopy.go:965.46,966.15 1 0
github.com/rajsinghtech/tailscale-gateway/api/v1alpha1/zz_generated.deepcopy.go:966.15,968.3 1 0
github.com/rajsinghtech/tailscale-gateway/api/v1alpha1/zz_generated.deepcopy.go:969.2,971.12 3 0
github.com/rajsinghtech/tailscale-gateway/api/v1alpha1/zz_generated.deepcopy.go:975.69,978.23 3 0
github.com/rajsinghtech/tailscale-gateway/api/v1alpha1/zz_generated.deepcopy.go:978.23,982.3 3 0
github.com/rajsinghtech/tailscale-gateway/api/v1alpha1/zz_generated.deepcopy.go:983.2,983.27 1 0
github.com/rajsinghtech/tailscale-gateway/api/v1alpha1/zz_generated.deepcopy.go:983.27,986.3 2 0
github.com/rajsinghtech/tailscale-gateway/api/v1alpha1/zz_generated.deepcopy.go:987.2,987.28 1 0
github.com/rajsinghtech/tailscale-gateway/api/v1alpha1/zz_generated.deepcopy.go:987.28,991.3 3 0
github.com/rajsinghtech/tailscale-gateway/api/v1alpha1/zz_generated.deepcopy.go:992.2,992.26 1 0
github.com/rajsinghtech/tailscale-gateway/api/v1alpha1/zz_generated.deepcopy.go:992.26,996.3 3 0
github.com/rajsinghtech/tailscale-gateway/api/v1alpha1/zz_generated.deepcopy.go:997.2,997.22 1 0
github.com/rajsinghtech/tailscale-gateway/api/v1alpha1/zz_generated.deepcopy.go:997.22,1000.22 3 0
github.com/rajsinghtech/tailscale-gateway/api/v1alpha1/zz_generated.deepcopy.go:1000.22,1002.4 1 0
github.com/rajsinghtech/tailscale-gateway/api/v1alpha1/zz_generated.deepcopy.go:1007.62,1008.15 1 0
github.com/rajsinghtech/tailscale-gateway/api/v1alpha1/zz_generated.deepcopy.go:1008.15,1010.3 1 0
github.com/rajsinghtech/tailscale-gateway/api/v1alpha1/zz_generated.deepcopy.go:1011.2,1013.12 3 0
github.com/rajsinghtech/tailscale-gateway/api/v1alpha1/zz_generated.deepcopy.go:1017.61,1019.22 2 0
github.com/rajsinghtech/tailscale-gateway/api/v1alpha1/zz_generated.deepcopy.go:1019.22,1023.3 3 0
github.com/rajsinghtech/tailscale-gateway/api/v1alpha1/zz_generated.deepcopy.go:1024.2,1024.24 1 0
github.com/rajsinghtech/tailscale-gateway/api/v1alpha1/zz_generated.deepcopy.go:1024.24,1028.3 3 0
github.com/rajsinghtech/tailscale-gateway/api/v1alpha1/zz_generated.deepcopy.go:1029.2,1029.20 1 0
github.com/rajsinghtech/tailscale-gateway/api/v1alpha1/zz_generated.deepcopy.go:1029.20,1033.3 3 0
github.com/rajsinghtech/tailscale-gateway/api/v1alpha1/zz_generated.deepcopy.go:1034.2,1034.20 1 0
github.com/rajsinghtech/tailscale-gateway/api/v1alpha1/zz_generated.deepcopy.go:1034.20,1038.3 3 0
github.com/rajsinghtech/tailscale-gateway/api/v1alpha1/zz_generated.deepcopy.go:1039.2,1039.26 1 0
github.com/rajsinghtech/tailscale-gateway/api/v1alpha1/zz_generated.deepcopy.go:1039.26,1043.3 3 0
github.com/rajsinghtech/tailscale-gateway/api/v1alpha1/zz_generated.deepcopy.go:1047.54,1048.15 1 0
github.com/rajsinghtech/tailscale-gateway/api/v1alpha1/zz_generated.deepcopy.go:1048.15,1050.3 1 0
github.com/rajsinghtech/tailscale-gateway/api/v1alpha1/zz_generated.deepcopy.go:1051.2,1053.12 3 0
github.com/rajsinghtech/tailscale-gateway/api/v1alpha1/zz_generated.deepcopy.go:1057.59,1059.31 2 0
github.com/rajsinghtech/tailscale-gateway/api/v1alpha1/zz_generated.deepcopy.go:1059.31,1062.3 2 0
github.com/rajsinghtech/tailscale-gateway/api/v1alpha1/zz_generated.deepcopy.go:1063.2,1063.22 1 0
github.com/rajsinghtech/tailscale-gateway/api/v1alpha1/zz_generated.deepcopy.go:1063.22,1066.22 3 0
github.com/rajsinghtech/tailscale-gateway/api/v1alpha1/zz_generated.deepcopy.go:1066.22,1068.4 1 0
github.com/rajsinghtech/tailscale-gateway/api/v1alpha1/zz_generated.deepcopy.go:1073.52,1074.15 1 0
github.com/rajsinghtech/tailscale-gateway/api/v1alpha1/zz_generated.deepcopy.go:1074.15,1076.3 1 0
github.com/rajsinghtech/tailscale-gateway/api/v1alpha1/zz_generated.deepcopy.go:1077.2,1079.12 3 0
github.com/rajsinghtech/tailscale-gateway/api/v1alpha1/zz_generated.deepcopy.go:1083.55,1085.27 2 0
github.com/rajsinghtech/tailscale-gateway/api/v1alpha1/zz_generated.deepcopy.go:1085.27,1088.22 3 0
github.com/rajsinghtech/tailscale-gateway/api/v1alpha1/zz_generated.deepcopy.go:1088.22,1090.4 1 0
github.com/rajsinghtech/tailscale-gateway/api/v1alpha1/zz_generated.deepcopy.go:1092.2,1092.23 1 0
github.com/rajsinghtech/tailscale-gateway/api/v1alpha1/zz_generated.deepcopy.go:1092.23,1096.3 3 0
github.com/rajsinghtech/tailscale-gateway/api/v1alpha1/zz_generated.deepcopy.go:1100.48,1101.15 1 0
github.com/rajsinghtech/tailscale-gateway/api/v1alpha1/zz_generated.deepcopy.go:1101.15,1103.3 1 0
github.com/rajsinghtech/tailscale-gateway/api/v1alpha1/zz_generated.deepcopy.go:1104.2,1106.12 3 0
github.com/rajsinghtech/tailscale-gateway/api/v1alpha1/zz_generated.deepcopy.go:1110.75,1112.23 2 0
github.com/rajsinghtech/tailscale-gateway/api/v1alpha1/zz_generated.deepcopy.go:1112.23,1116.3 3 0
github.com/rajsinghtech/tailscale-gateway/api/v1alpha1/zz_generated.deepcopy.go:1117.2,1117.22 1 0
github.com/rajsinghtech/tailscale-gateway/api/v1alpha1/zz_generated.deepcopy.go:1117.22,1121.3 3 0
github.com/rajsinghtech/tailscale-gateway/api/v1alpha1/zz_generated.deepcopy.go:1125.68,1126.15 1 0
github.com/rajsinghtech/tailscale-gateway/api/v1alpha1/zz_generated.deepcopy.go:1126.15,1128.3 1 0
github.com/rajsinghtech/tailscale-gateway/api/v1alpha1/zz_generated.deepcopy.go:1129.2,1131.12 3 0
github.com/rajsinghtech/tailscale-gateway/api/v1alpha1/zz_generated.deepcopy.go:1135.57,1137.23 2 0
github.com/rajsinghtech/tailscale-gateway/api/v1alpha1/zz_generated.deepcopy.go:1137.23,1141.3 3 0
github.com/rajsinghtech/tailscale-gateway/api/v1alpha1/zz_generated.deepcopy.go:1142.2,1142.30 1 0
github.com/rajsinghtech/tailscale-gateway/api/v1alpha1/zz_generated.deepcopy.go:1142.30,1146.3 3 0
github.com/rajsinghtech/tailscale-gateway/api/v1alpha1/zz_generated.deepcopy.go:1150.50,1151.15 1 0
github.com/rajsinghtech/tailscale-gateway/api/v1alpha1/zz_generated.deepcopy.go:1151.15,1153.3 1 0
github.com/rajsinghtech/tailscale-gateway/api/v1alpha1/zz_generated.deepcopy.go:1154.2,1156.12 3 0
github.com/rajsinghtech/tailscale-gateway/api/v1alpha1/zz_generated.deepcopy.go:1160.77,1162.37 2 0
github.com/rajsinghtech/tailscale-gateway/api/v1alpha1/zz_generated.deepcopy.go:1162.37,1166.3 3 0
github.com/rajsinghtech/tailscale-gateway/api/v1alpha1/zz_generated.deepcopy.go:1167.2,1167.34 1 0
github.com/rajsinghtech/tailscale-gateway/api/v1alpha1/zz_generated.deepcopy.go:1167.34,1171.3 3 0
github.com/rajsinghtech/tailscale-gateway/api/v1alpha1/zz_generated.deepcopy.go:1172.2,1172.25 1 0
github.com/rajsinghtech/tailscale-gateway/api/v1alpha1/zz_generated.deepcopy.go:1172.25,1176.3 3 0
github.com/rajsinghtech/tailscale-gateway/api/v1alpha1/zz_generated.deepcopy.go:1180.70,1181.15 1 0
github.com/rajsinghtech/tailscale-gateway/api/v1alpha1/zz_generated.deepcopy.go:1181.15,1183.3 1 0
github.com/rajsinghtech/tailscale-gateway/api/v1alpha1/zz_generated.deepcopy.go:1184.2,1186.12 3 0
github.com/rajsinghtech/tailscale-gateway/api/v1alpha1/zz_generated.deepcopy.go:1190.53,1192.25 2 0
github.com/rajsinghtech/tailscale-gateway/api/v1alpha1/zz_generated.deepcopy.go:1192.25,1195.3 2 0
github.com/rajsinghtech/tailscale-gateway/api/v1alpha1/zz_generated.deepcopy.go:1196.2,1196.32 1 0
github.com/rajsinghtech/tailscale-gateway/api/v1alpha1/zz_generated.deepcopy.go:1196.32,1199.22 3 0
github.com/rajsinghtech/tailscale-gateway/api/v1alpha1/zz_generated.deepcopy.go:1199.22,1201.4 1 0
github.com/rajsinghtech/tailscale-gateway/api/v1alpha1/zz_generated.deepcopy.go:1203.2,1203.29 1 0
github.com/rajsinghtech/tailscale-gateway/api/v1alpha1/zz_generated.deepcopy.go:1203.29,1206.22 3 0
github.com/rajsinghtech/tailscale-gateway/api/v1alpha1/zz_generated.deepcopy.go:1206.22,1208.4 1 0
github.com/rajsinghtech/tailscale-gateway/api/v1alpha1/zz_generated.deepcopy.go:1210.2,1210.34 1 0
github.com/rajsinghtech/tailscale-gateway/api/v1alpha1/zz_generated.deepcopy.go:1210.34,1214.3 3 0
github.com/rajsinghtech/tailscale-gateway/api/v1alpha1/zz_generated.deepcopy.go:1218.46,1219.15 1 0
github.com/rajsinghtech/tailscale-gateway/api/v1alpha1/zz_generated.deepcopy.go:1219.15,1221.3 1 0
github.com/rajsinghtech/tailscale-gateway/api/v1alpha1/zz_generated.deepcopy.go:1222.2,1224.12 3 0
github.com/rajsinghtech/tailscale-gateway/api/v1alpha1/zz_generated.deepcopy.go:1228.77,1230.24 2 0
github.com/rajsinghtech/tailscale-gateway/api/v1alpha1/zz_generated.deepcopy.go:1230.24,1234.3 3 0
github.com/rajsinghtech/tailscale-gateway/api/v1alpha1/zz_generated.deepcopy.go:1235.2,1235.31 1 0
github.com/rajsinghtech/tailscale-gateway/api/v1alpha1/zz_generated.deepcopy.go:1235.31,1239.3 3 0
github.com/rajsinghtech/tailscale-gateway/api/v1alpha1/zz_generated.deepcopy.go:1240.2,1240.28 1 0
github.com/rajsinghtech/tailscale-gateway/api/v1alpha1/zz_generated.deepcopy.go:1240.28,1244.3 3 0
github.com/rajsinghtech/tailscale-gateway/api/v1alpha1/zz_generated.deepcopy.go:1248.70,1249.15 1 0
github.com/rajsinghtech/tailscale-gateway/api/v1alpha1/zz_generated.deepcopy.go:1249.15,1251.3 1 0
github.com/rajsinghtech/tailscale-gateway/api/v1alpha1/zz_generated.deepcopy.go:1252.2,1254.12 3 0
github.com/rajsinghtech/tailscale-gateway/api/v1alpha1/zz_generated.deepcopy.go:1258.79,1260.31 2 0
github.com/rajsinghtech/tailscale-gateway/api/v1alpha1/zz_generated.deepcopy.go:1260.31,1264.3 3 0
github.com/rajsinghtech/tailscale-gateway/api/v1alpha1/zz_generated.deepcopy.go:1265.2,1265.32 1 0
github.com/rajsinghtech/tailscale-gateway/api/v1alpha1/zz_generated.deepcopy.go:1265.32,1269.3 3 0
github.com/rajsinghtech/tailscale-gateway/api/v1alpha1/zz_generated.deepcopy.go:1270.2,1270.37 1 0
github.com/rajsinghtech/tailscale-gateway/api/v1alpha1/zz_generated.deepcopy.go:1270.37,1274.3 3 0
github.com/rajsinghtech/tailscale-gateway/api/v1alpha1/zz_generated.deepcopy.go:1275.2,1275.31 1 0
github.com/rajsinghtech/tailscale-gateway/api/v1alpha1/zz_generated.deepcopy.go:1275.31,1278.22 3 0
github.com/rajsinghtech/tailscale-gateway/api/v1alpha1/zz_generated.deepcopy.go:1278.22,1280.4 1 0
github.com/rajsinghtech/tailscale-gateway/api/v1alpha1/zz_generated.deepcopy.go:1285.72,1286.15 1 0
github.com/rajsinghtech/tailscale-gateway/api/v1alpha1/zz_generated.deepcopy.go:1286.15,1288.3 1 0
github.com/rajsinghtech/tailscale-gateway/api/v1alpha1/zz_generated.deepcopy.go:1289.2,1291.12 3 0
github.com/rajsinghtech/tailscale-gateway/api/v1alpha1/zz_generated.deepcopy.go:1295.55,1297.28 2 0
github.com/rajsinghtech/tailscale-gateway/api/v1alpha1/zz_generated.deepcopy.go:1297.28,1301.3 3 0
github.com/rajsinghtech/tailscale-gateway/api/v1alpha1/zz_generated.deepcopy.go:1302.2,1302.25 1 0
github.com/rajsinghtech/tailscale-gateway/api/v1alpha1/zz_generated.deepcopy.go:1302.25,1305.3 2 0
github.com/rajsinghtech/tailscale-gateway/api/v1alpha1/zz_generated.deepcopy.go:1306.2,1306.27 1 0
github.com/rajsinghtech/tailscale-gateway/api/v1alpha1/zz_generated.deepcopy.go:1306.27,1309.3 2 0
github.com/rajsinghtech/tailscale-gateway/api/v1alpha1/zz_generated.deepcopy.go:1310.2,1310.32 1 0
github.com/rajsinghtech/tailscale-gateway/api/v1alpha1/zz_generated.deepcopy.go:1310.32,1314.3 3 0
github.com/rajsinghtech/tailscale-gateway/api/v1alpha1/zz_generated.deepcopy.go:1318.48,1319.15 1 0
github.com/rajsinghtech/tailscale-gateway/api/v1alpha1/zz_generated.deepcopy.go:1319.15,1321.3 1 0
github.com/rajsinghtech/tailscale-gateway/api/v1alpha1/zz_generated.deepcopy.go:1322.2,1324.12 3 0
github.com/rajsinghtech/tailscale-gateway/api/v1alpha1/zz_generated.deepcopy.go:1328.73,1330.29 2 0
github.com/rajsinghtech/tailscale-gateway/api/v1alpha1/zz_generated.deepcopy.go:1330.29,1334.3 3 0
github.com/rajsinghtech/tailscale-gateway/api/v1alpha1/zz_generated.deepcopy.go:1335.2,1335.31 1 0
github.com/rajsinghtech/tailscale-gateway/api/v1alpha1/zz_generated.deepcopy.go:1335.31,1339.3 3 0
github.com/rajsinghtech/tailscale-gateway/api/v1alpha1/zz_generated.deepcopy.go:1340.2,1340.32 1 0
github.com/rajsinghtech/tailscale-gateway/api/v1alpha1/zz_generated.deepcopy.go:1340.32,1343.3 2 0
github.com/rajsinghtech/tailscale-gateway/api/v1alpha1/zz_generated.deepcopy.go:1347.66,1348.15 1 0
github.com/rajsinghtech/tailscale-gateway/api/v1alpha1/zz_generated.deepcopy.go:1348.15,1350.3 1 0
github.com/rajsinghtech/tailscale-gateway/api/v1alpha1/zz_generated.deepcopy.go:1351.2,1353.12 3 0
github.com/rajsinghtech/tailscale-gateway/api/v1alpha1/zz_generated.deepcopy.go:1357.55,1359.22 2 0
github.com/rajsinghtech/tailscale-gateway/api/v1alpha1/zz_generated.deepcopy.go:1359.22,1363.3 3 0
github.com/rajsinghtech/tailscale-gateway/api/v1alpha1/zz_generated.deepcopy.go:1367.48,1368.15 1 0
github.com/rajsinghtech/tailscale-gateway/api/v1alpha1/zz_generated.deepcopy.go:1368.15,1370.3 1 0
github.com/rajsinghtech/tailscale-gateway/api/v1alpha1/zz_generated.deepcopy.go:1371.2,1373.12 3 0
github.com/rajsinghtech/tailscale-gateway/api/v1alpha1/zz_generated.deepcopy.go:1377.67,1381.34 4 0
github.com/rajsinghtech/tailscale-gateway/api/v1alpha1/zz_generated.deepcopy.go:1381.34,1385.3 3 0
github.com/rajsinghtech/tailscale-gateway/api/v1alpha1/zz_generated.deepcopy.go:1389.60,1390.15 1 0
github.com/rajsinghtech/tailscale-gateway/api/v1alpha1/zz_generated.deepcopy.go:1390.15,1392.3 1 0
github.com/rajsinghtech/tailscale-gateway/api/v1alpha1/zz_generated.deepcopy.go:1393.2,1395.12 3 0
github.com/rajsinghtech/tailscale-gateway/api/v1alpha1/zz_generated.deepcopy.go:1399.59,1402.32 3 0
github.com/rajsinghtech/tailscale-gateway/api/v1alpha1/zz_generated.deepcopy.go:1402.32,1406.3 3 0
github.com/rajsinghtech/tailscale-gateway/api/v1alpha1/zz_generated.deepcopy.go:1407.2,1407.31 1 0
github.com/rajsinghtech/tailscale-gateway/api/v1alpha1/zz_generated.deepcopy.go:1407.31,1411.3 3 0
github.com/rajsinghtech/tailscale-gateway/api/v1alpha1/zz_generated.deepcopy.go:1415.52,1416.15 1 0
github.com/rajsinghtech/tailscale-gateway/api/v1alpha1/zz_generated.deepcopy.go:1416.15,1418.3 1 0
github.com/rajsinghtech/tailscale-gateway/api/v1alpha1/zz_generated.deepcopy.go:1419.2,1421.12 3 0
github.com/rajsinghtech/tailscale-gateway/api/v1alpha1/zz_generated.deepcopy.go:1425.69,1427.20 2 0
github.com/rajsinghtech/tailscale-gateway/api/v1alpha1/zz_generated.deepcopy.go:1427.20,1431.3 3 0
github.com/rajsinghtech/tailscale-gateway/api/v1alpha1/zz_generated.deepcopy.go:1432.2,1432.25 1 0
github.com/rajsinghtech/tailscale-gateway/api/v1alpha1/zz_generated.deepcopy.go:1432.25,1436.3 3 0
github.com/rajsinghtech/tailscale-gateway/api/v1alpha1/zz_generated.deepcopy.go:1437.2,1437.19 1 0
github.com/rajsinghtech/tailscale-gateway/api/v1alpha1/zz_generated.deepcopy.go:1437.19,1441.3 3 0
github.com/rajsinghtech/tailscale-gateway/api/v1alpha1/zz_generated.deepcopy.go:1442.2,1442.21 1 0
github.com/rajsinghtech/tailscale-gateway/api/v1alpha1/zz_generated.deepcopy.go:1442.21,1446.3 3 0
github.com/rajsinghtech/tailscale-gateway/api/v1alpha1/zz_generated.deepcopy.go:1450.62,1451.15 1 0
github.com/rajsinghtech/tailscale-gateway/api/v1alpha1/zz_generated.deepcopy.go:1451.15,1453.3 1 0
github.com/rajsinghtech/tailscale-gateway/api/v1alpha1/zz_generated.deepcopy.go:1454.2,1456.12 3 0
github.com/rajsinghtech/tailscale-gateway/api/v1alpha1/zz_generated.deepcopy.go:1460.55,1462.30 2 0
github.com/rajsinghtech/tailscale-gateway/api/v1alpha1/zz_generated.deepcopy.go:1462.30,1466.3 3 0
github.com/rajsinghtech/tailscale-gateway/api/v1alpha1/zz_generated.deepcopy.go:1467.2,1467.28 1 0
github.com/rajsinghtech/tailscale-gateway/api/v1alpha1/zz_generated.deepcopy.go:1467.28,1471.3 3 0
github.com/rajsinghtech/tailscale-gateway/api/v1alpha1/zz_generated.deepcopy.go:1472.2,1472.25 1 0
github.com/rajsinghtech/tailscale-gateway/api/v1alpha1/zz_generated.deepcopy.go:1472.25,1476.3 3 0
github.com/rajsinghtech/tailscale-gateway/api/v1alpha1/zz_generated.deepcopy.go:1477.2,1477.24 1 0
github.com/rajsinghtech/tailscale-gateway/api/v1alpha1/zz_generated.deepcopy.go:1477.24,1481.3 3 0
github.com/rajsinghtech/tailscale-gateway/api/v1alpha1/zz_generated.deepcopy.go:1482.2,1482.22 1 0
github.com/rajsinghtech/tailscale-gateway/api/v1alpha1/zz_generated.deepcopy.go:1482.22,1486.3 3 0
github.com/rajsinghtech/tailscale-gateway/api/v1alpha1/zz_generated.deepcopy.go:1487.2,1487.25 1 0
github.com/rajsinghtech/tailscale-gateway/api/v1alpha1/zz_generated.deepcopy.go:1487.25,1490.3 2 0
github.com/rajsinghtech/tailscale-gateway/api/v1alpha1/zz_generated.deepcopy.go:1491.2,1491.27 1 0
github.com/rajsinghtech/tailscale-gateway/api/v1alpha1/zz_generated.deepcopy.go:1491.27,1494.3 2 0
github.com/rajsinghtech/tailscale-gateway/api/v1alpha1/zz_generated.deepcopy.go:1498.48,1499.15 1 0
github.com/rajsinghtech/tailscale-gateway/api/v1alpha1/zz_generated.deepcopy.go:1499.15,1501.3 1 0
github.com/rajsinghtech/tailscale-gateway/api/v1alpha1/zz_generated.deepcopy.go:1502.2,1504.12 3 0
github.com/rajsinghtech/tailscale-gateway/api/v1alpha1/zz_generated.deepcopy.go:1508.59,1510.24 2 0
github.com/rajsinghtech/tailscale-gateway/api/v1alpha1/zz_generated.deepcopy.go:1510.24,1513.3 2 0
github.com/rajsinghtech/tailscale-gateway/api/v1alpha1/zz_generated.deepcopy.go:1514.2,1514.26 1 0
github.com/rajsinghtech/tailscale-gateway/api/v1alpha1/zz_generated.deepcopy.go:1514.26,1517.22 3 0
github.com/rajsinghtech/tailscale-gateway/api/v1alpha1/zz_generated.deepcopy.go:1517.22,1519.4 1 0
github.com/rajsinghtech/tailscale-gateway/api/v1alpha1/zz_generated.deepcopy.go:1521.2,1521.25 1 0
github.com/rajsinghtech/tailscale-gateway/api/v1alpha1/zz_generated.deepcopy.go:1521.25,1525.3 3 0
github.com/rajsinghtech/tailscale-gateway/api/v1alpha1/zz_generated.deepcopy.go:1526.2,1526.39 1 0
github.com/rajsinghtech/tailscale-gateway/api/v1alpha1/zz_generated.deepcopy.go:1526.39,1530.3 3 0
github.com/rajsinghtech/tailscale-gateway/api/v1alpha1/zz_generated.deepcopy.go:1531.2,1531.25 1 0
github.com/rajsinghtech/tailscale-gateway/api/v1alpha1/zz_generated.deepcopy.go:1531.25,1535.3 3 0
github.com/rajsinghtech/tailscale-gateway/api/v1alpha1/zz_generated.deepcopy.go:1539.52,1540.15 1 0
github.com/rajsinghtech/tailscale-gateway/api/v1alpha1/zz_generated.deepcopy.go:1540.15,1542.3 1 0
github.com/rajsinghtech/tailscale-gateway/api/v1alpha1/zz_generated.deepcopy.go:1543.2,1545.12 3 0
github.com/rajsinghtech/tailscale-gateway/api/v1alpha1/zz_generated.deepcopy.go:1549.69,1551.34 2 0
github.com/rajsinghtech/tailscale-gateway/api/v1alpha1/zz_generated.deepcopy.go:1551.34,1554.3 2 0
github.com/rajsinghtech/tailscale-gateway/api/v1alpha1/zz_generated.deepcopy.go:1555.2,1555.34 1 0
github.com/rajsinghtech/tailscale-gateway/api/v1alpha1/zz_generated.deepcopy.go:1555.34,1559.3 3 0
github.com/rajsinghtech/tailscale-gateway/api/v1alpha1/zz_generated.deepcopy.go:1560.2,1560.30 1 0
github.com/rajsinghtech/tailscale-gateway/api/v1alpha1/zz_generated.deepcopy.go:1560.30,1563.3 2 0
github.com/rajsinghtech/tailscale-gateway/api/v1alpha1/zz_generated.deepcopy.go:1564.2,1564.25 1 0
github.com/rajsinghtech/tailscale-gateway/api/v1alpha1/zz_generated.deepcopy.go:1564.25,1568.3 3 0
github.com/rajsinghtech/tailscale-gateway/api/v1alpha1/zz_generated.deepcopy.go:1569.2,1569.28 1 0
github.com/rajsinghtech/tailscale-gateway/api/v1alpha1/zz_generated.deepcopy.go:1569.28,1573.3 3 0
github.com/rajsinghtech/tailscale-gateway/api/v1alpha1/zz_generated.deepcopy.go:1574.2,1574.35 1 0
github.com/rajsinghtech/tailscale-gateway/api/v1alpha1/zz_generated.deepcopy.go:1574.35,1578.3 3 0
github.com/rajsinghtech/tailscale-gateway/api/v1alpha1/zz_generated.deepcopy.go:1582.62,1583.15 1 0
github.com/rajsinghtech/tailscale-gateway/api/v1alpha1/zz_generated.deepcopy.go:1583.15,1585.3 1 0
github.com/rajsinghtech/tailscale-gateway/api/v1alpha1/zz_generated.deepcopy.go:1586.2,1588.12 3 0
github.com/rajsinghtech/tailscale-gateway/api/v1alpha1/zz_generated.deepcopy.go:1592.67,1594.20 2 0
github.com/rajsinghtech/tailscale-gateway/api/v1alpha1/zz_generated.deepcopy.go:1594.20,1598.3 3 0
github.com/rajsinghtech/tailscale-gateway/api/v1alpha1/zz_generated.deepcopy.go:1599.2,1599.27 1 0
github.com/rajsinghtech/tailscale-gateway/api/v1alpha1/zz_generated.deepcopy.go:1599.27,1603.3 3 0
github.com/rajsinghtech/tailscale-gateway/api/v1alpha1/zz_generated.deepcopy.go:1604.2,1604.22 1 0
github.com/rajsinghtech/tailscale-gateway/api/v1alpha1/zz_generated.deepcopy.go:1604.22,1608.3 3 0
github.com/rajsinghtech/tailscale-gateway/api/v1alpha1/zz_generated.deepcopy.go:1612.60,1613.15 1 0
github.com/rajsinghtech/tailscale-gateway/api/v1alpha1/zz_generated.deepcopy.go:1613.15,1615.3 1 0
github.com/rajsinghtech/tailscale-gateway/api/v1alpha1/zz_generated.deepcopy.go:1616.2,1618.12 3 0
github.com/rajsinghtech/tailscale-gateway/api/v1alpha1/zz_generated.deepcopy.go:1622.69,1628.2 5 0
github.com/rajsinghtech/tailscale-gateway/api/v1alpha1/zz_generated.deepcopy.go:1631.62,1632.15 1 0
github.com/rajsinghtech/tailscale-gateway/api/v1alpha1/zz_generated.deepcopy.go:1632.15,1634.3 1 0
github.com/rajsinghtech/tailscale-gateway/api/v1alpha1/zz_generated.deepcopy.go:1635.2,1637.12 3 0
github.com/rajsinghtech/tailscale-gateway/api/v1alpha1/zz_generated.deepcopy.go:1641.63,1642.34 1 0
github.com/rajsinghtech/tailscale-gateway/api/v1alpha1/zz_generated.deepcopy.go:1642.34,1644.3 1 0
github.com/rajsinghtech/tailscale-gateway/api/v1alpha1/zz_generated.deepcopy.go:1645.2,1645.12 1 0
github.com/rajsinghtech/tailscale-gateway/api/v1alpha1/zz_generated.deepcopy.go:1649.77,1653.21 4 0
github.com/rajsinghtech/tailscale-gateway/api/v1alpha1/zz_generated.deepcopy.go:1653.21,1656.22 3 0
github.com/rajsinghtech/tailscale-gateway/api/v1alpha1/zz_generated.deepcopy.go:1656.22,1658.4 1 0
github.com/rajsinghtech/tailscale-gateway/api/v1alpha1/zz_generated.deepcopy.go:1663.70,1664.15 1 0
github.com/rajsinghtech/tailscale-gateway/api/v1alpha1/zz_generated.deepcopy.go:1664.15,1666.3 1 0
github.com/rajsinghtech/tailscale-gateway/api/v1alpha1/zz_generated.deepcopy.go:1667.2,1669.12 3 0
github.com/rajsinghtech/tailscale-gateway/api/v1alpha1/zz_generated.deepcopy.go:1673.67,1674.34 1 0
github.com/rajsinghtech/tailscale-gateway/api/v1alpha1/zz_generated.deepcopy.go:1674.34,1676.3 1 0
github.com/rajsinghtech/tailscale-gateway/api/v1alpha1/zz_generated.deepcopy.go:1677.2,1677.12 1 0
github.com/rajsinghtech/tailscale-gateway/api/v1alpha1/zz_generated.deepcopy.go:1681.77,1683.25 2 0
github.com/rajsinghtech/tailscale-gateway/api/v1alpha1/zz_generated.deepcopy.go:1683.25,1686.22 3 0
github.com/rajsinghtech/tailscale-gateway/api/v1alpha1/zz_generated.deepcopy.go:1686.22,1688.4 1 0
github.com/rajsinghtech/tailscale-gateway/api/v1alpha1/zz_generated.deepcopy.go:1690.2,1690.29 1 0
github.com/rajsinghtech/tailscale-gateway/api/v1alpha1/zz_generated.deepcopy.go:1690.29,1694.3 3 0
github.com/rajsinghtech/tailscale-gateway/api/v1alpha1/zz_generated.deepcopy.go:1698.70,1699.15 1 0
github.com/rajsinghtech/tailscale-gateway/api/v1alpha1/zz_generated.deepcopy.go:1699.15,1701.3 1 0
github.com/rajsinghtech/tailscale-gateway/api/v1alpha1/zz_generated.deepcopy.go:1702.2,1704.12 3 0
github.com/rajsinghtech/tailscale-gateway/api/v1alpha1/zz_generated.deepcopy.go:1708.81,1710.26 2 0
github.com/rajsinghtech/tailscale-gateway/api/v1alpha1/zz_generated.deepcopy.go:1710.26,1713.22 3 0
github.com/rajsinghtech/tailscale-gateway/api/v1alpha1/zz_generated.deepcopy.go:1713.22,1715.4 1 0
github.com/rajsinghtech/tailscale-gateway/api/v1alpha1/zz_generated.deepcopy.go:1717.2,1717.24 1 0
github.com/rajsinghtech/tailscale-gateway/api/v1alpha1/zz_generated.deepcopy.go:1717.24,1720.3 2 0
github.com/rajsinghtech/tailscale-gateway/api/v1alpha1/zz_generated.deepcopy.go:1721.2,1721.30 1 0
github.com/rajsinghtech/tailscale-gateway/api/v1alpha1/zz_generated.deepcopy.go:1721.30,1724.22 3 0
github.com/rajsinghtech/tailscale-gateway/api/v1alpha1/zz_generated.deepcopy.go:1724.22,1726.4 1 0
github.com/rajsinghtech/tailscale-gateway/api/v1alpha1/zz_generated.deepcopy.go:1728.2,1728.31 1 0
github.com/rajsinghtech/tailscale-gateway/api/v1alpha1/zz_generated.deepcopy.go:1728.31,1731.22 3 0
github.com/rajsinghtech/tailscale-gateway/api/v1alpha1/zz_generated.deepcopy.go:1731.22,1733.4 1 0
github.com/rajsinghtech/tailscale-gateway/api/v1alpha1/zz_generated.deepcopy.go:1735.2,1735.35 1 0
github.com/rajsinghtech/tailscale-gateway/api/v1alpha1/zz_generated.deepcopy.go:1735.35,1739.3 3 0
github.com/rajsinghtech/tailscale-gateway/api/v1alpha1/zz_generated.deepcopy.go:1740.2,1740.34 1 0
github.com/rajsinghtech/tailscale-gateway/api/v1alpha1/zz_generated.deepcopy.go:1740.34,1743.22 3 0
github.com/rajsinghtech/tailscale-gateway/api/v1alpha1/zz_generated.deepcopy.go:1743.22,1745.4 1 0
github.com/rajsinghtech/tailscale-gateway/api/v1alpha1/zz_generated.deepcopy.go:1747.2,1747.28 1 0
github.com/rajsinghtech/tailscale-gateway/api/v1alpha1/zz_generated.deepcopy.go:1747.28,1750.22 3 0
github.com/rajsinghtech/tailscale-gateway/api/v1alpha1/zz_generated.deepcopy.go:1750.22,1752.4 1 0
github.com/rajsinghtech/tailscale-gateway/api/v1alpha1/zz_generated.deepcopy.go:1754.2,1754.34 1 0
github.com/rajsinghtech/tailscale-gateway/api/v1alpha1/zz_generated.deepcopy.go:1754.34,1758.3 3 0
github.com/rajsinghtech/tailscale-gateway/api/v1alpha1/zz_generated.deepcopy.go:1762.74,1763.15 1 0
github.com/rajsinghtech/tailscale-gateway/api/v1alpha1/zz_generated.deepcopy.go:1763.15,1765.3 1 0
github.com/rajsinghtech/tailscale-gateway/api/v1alpha1/zz_generated.deepcopy.go:1766.2,1768.12 3 0
github.com/rajsinghtech/tailscale-gateway/api/v1alpha1/zz_generated.deepcopy.go:1772.65,1778.2 5 0
github.com/rajsinghtech/tailscale-gateway/api/v1alpha1/zz_generated.deepcopy.go:1781.58,1782.15 1 0
github.com/rajsinghtech/tailscale-gateway/api/v1alpha1/zz_generated.deepcopy.go:1782.15,1784.3 1 0
github.com/rajsinghtech/tailscale-gateway/api/v1alpha1/zz_generated.deepcopy.go:1785.2,1787.12 3 0
github.com/rajsinghtech/tailscale-gateway/api/v1alpha1/zz_generated.deepcopy.go:1791.61,1792.34 1 0
github.com/rajsinghtech/tailscale-gateway/api/v1alpha1/zz_generated.deepcopy.go:1792.34,1794.3 1 0
github.com/rajsinghtech/tailscale-gateway/api/v1alpha1/zz_generated.deepcopy.go:1795.2,1795.12 1 0
github.com/rajsinghtech/tailscale-gateway/api/v1alpha1/zz_generated.deepcopy.go:1799.73,1803.21 4 0
github.com/rajsinghtech/tailscale-gateway/api/v1alpha1/zz_generated.deepcopy.go:1803.21,1806.22 3 0
github.com/rajsinghtech/tailscale-gateway/api/v1alpha1/zz_generated.deepcopy.go:1806.22,1808.4 1 0
github.com/rajsinghtech/tailscale-gateway/api/v1alpha1/zz_generated.deepcopy.go:1813.66,1814.15 1 0
github.com/rajsinghtech/tailscale-gateway/api/v1alpha1/zz_generated.deepcopy.go:1814.15,1816.3 1 0
github.com/rajsinghtech/tailscale-gateway/api/v1alpha1/zz_generated.deepcopy.go:1817.2,1819.12 3 0
github.com/rajsinghtech/tailscale-gateway/api/v1alpha1/zz_generated.deepcopy.go:1823.65,1824.34 1 0
github.com/rajsinghtech/tailscale-gateway/api/v1alpha1/zz_generated.deepcopy.go:1824.34,1826.3 1 0
github.com/rajsinghtech/tailscale-gateway/api/v1alpha1/zz_generated.deepcopy.go:1827.2,1827.12 1 0
github.com/rajsinghtech/tailscale-gateway/api/v1alpha1/zz_generated.deepcopy.go:1831.73,1834.24 3 0
github.com/rajsinghtech/tailscale-gateway/api/v1alpha1/zz_generated.deepcopy.go:1834.24,1837.22 3 0
github.com/rajsinghtech/tailscale-gateway/api/v1alpha1/zz_generated.deepcopy.go:1837.22,1839.4 1 0
github.com/rajsinghtech/tailscale-gateway/api/v1alpha1/zz_generated.deepcopy.go:1841.2,1841.31 1 0
github.com/rajsinghtech/tailscale-gateway/api/v1alpha1/zz_generated.deepcopy.go:1841.31,1845.3 3 0
github.com/rajsinghtech/tailscale-gateway/api/v1alpha1/zz_generated.deepcopy.go:1849.66,1850.15 1 0
github.com/rajsinghtech/tailscale-gateway/api/v1alpha1/zz_generated.deepcopy.go:1850.15,1852.3 1 0
github.com/rajsinghtech/tailscale-gateway/api/v1alpha1/zz_generated.deepcopy.go:1853.2,1855.12 3 0
github.com/rajsinghtech/tailscale-gateway/api/v1alpha1/zz_generated.deepcopy.go:1859.77,1861.26 2 0
github.com/rajsinghtech/tailscale-gateway/api/v1alpha1/zz_generated.deepcopy.go:1861.26,1864.22 3 0
github.com/rajsinghtech/tailscale-gateway/api/v1alpha1/zz_generated.deepcopy.go:1864.22,1866.4 1 0
github.com/rajsinghtech/tailscale-gateway/api/v1alpha1/zz_generated.deepcopy.go:1868.2,1868.29 1 0
github.com/rajsinghtech/tailscale-gateway/api/v1alpha1/zz_generated.deepcopy.go:1868.29,1871.22 3 0
github.com/rajsinghtech/tailscale-gateway/api/v1alpha1/zz_generated.deepcopy.go:1871.22,1873.4 1 0
github.com/rajsinghtech/tailscale-gateway/api/v1alpha1/zz_generated.deepcopy.go:1875.2,1875.37 1 0
github.com/rajsinghtech/tailscale-gateway/api/v1alpha1/zz_generated.deepcopy.go:1875.37,1879.3 3 0
github.com/rajsinghtech/tailscale-gateway/api/v1alpha1/zz_generated.deepcopy.go:1880.2,1880.31 1 0
github.com/rajsinghtech/tailscale-gateway/api/v1alpha1/zz_generated.deepcopy.go:1880.31,1884.3 3 0
github.com/rajsinghtech/tailscale-gateway/api/v1alpha1/zz_generated.deepcopy.go:1885.2,1885.24 1 0
github.com/rajsinghtech/tailscale-gateway/api/v1alpha1/zz_generated.deepcopy.go:1885.24,1888.22 3 0
github.com/rajsinghtech/tailscale-gateway/api/v1alpha1/zz_generated.deepcopy.go:1888.22,1890.4 1 0
github.com/rajsinghtech/tailscale-gateway/api/v1alpha1/zz_generated.deepcopy.go:1892.2,1892.28 1 0
github.com/rajsinghtech/tailscale-gateway/api/v1alpha1/zz_generated.deepcopy.go:1892.28,1895.22 3 0
github.com/rajsinghtech/tailscale-gateway/api/v1alpha1/zz_generated.deepcopy.go:1895.22,1897.4 1 0
github.com/rajsinghtech/tailscale-gateway/api/v1alpha1/zz_generated.deepcopy.go:1899.2,1899.34 1 0
github.com/rajsinghtech/tailscale-gateway/api/v1alpha1/zz_generated.deepcopy.go:1899.34,1903.3 3 0
github.com/rajsinghtech/tailscale-gateway/api/v1alpha1/zz_generated.deepcopy.go:1904.2,1904.32 1 0
github.com/rajsinghtech/tailscale-gateway/api/v1alpha1/zz_generated.deepcopy.go:1904.32,1907.22 3 0
github.com/rajsinghtech/tailscale-gateway/api/v1alpha1/zz_generated.deepcopy.go:1907.22,1909.4 1 0
github.com/rajsinghtech/tailscale-gateway/api/v1alpha1/zz_generated.deepcopy.go:1911.2,1911.29 1 0
github.com/rajsinghtech/tailscale-gateway/api/v1alpha1/zz_generated.deepcopy.go:1911.29,1914.22 3 0
github.com/rajsinghtech/tailscale-gateway/api/v1alpha1/zz_generated.deepcopy.go:1914.22,1916.4 1 0
github.com/rajsinghtech/tailscale-gateway/api/v1alpha1/zz_generated.deepcopy.go:1921.70,1922.15 1 0
github.com/rajsinghtech/tailscale-gateway/api/v1alpha1/zz_generated.deepcopy.go:1922.15,1924.3 1 0
github.com/rajsinghtech/tailscale-gateway/api/v1alpha1/zz_generated.deepcopy.go:1925.2,1927.12 3 0
github.com/rajsinghtech/tailscale-gateway/api/v1alpha1/zz_generated.deepcopy.go:1931.73,1937.2 5 0
github.com/rajsinghtech/tailscale-gateway/api/v1alpha1/zz_generated.deepcopy.go:1940.66,1941.15 1 0
github.com/rajsinghtech/tailscale-gateway/api/v1alpha1/zz_generated.deepcopy.go:1941.15,1943.3 1 0
github.com/rajsinghtech/tailscale-gateway/api/v1alpha1/zz_generated.deepcopy.go:1944.2,1946.12 3 0
github.com/rajsinghtech/tailscale-gateway/api/v1alpha1/zz_generated.deepcopy.go:1950.65,1951.34 1 0
github.com/rajsinghtech/tailscale-gateway/api/v1alpha1/zz_generated.deepcopy.go:1951.34,1953.3 1 0
github.com/rajsinghtech/tailscale-gateway/api/v1alpha1/zz_generated.deepcopy.go:1954.2,1954.12 1 0
github.com/rajsinghtech/tailscale-gateway/api/v1alpha1/zz_generated.deepcopy.go:1958.81,1962.21 4 0
github.com/rajsinghtech/tailscale-gateway/api/v1alpha1/zz_generated.deepcopy.go:1962.21,1965.22 3 0
github.com/rajsinghtech/tailscale-gateway/api/v1alpha1/zz_generated.deepcopy.go:1965.22,1967.4 1 0
github.com/rajsinghtech/tailscale-gateway/api/v1alpha1/zz_generated.deepcopy.go:1972.74,1973.15 1 0
github.com/rajsinghtech/tailscale-gateway/api/v1alpha1/zz_generated.deepcopy.go:1973.15,1975.3 1 0
github.com/rajsinghtech/tailscale-gateway/api/v1alpha1/zz_generated.deepcopy.go:1976.2,1978.12 3 0
github.com/rajsinghtech/tailscale-gateway/api/v1alpha1/zz_generated.deepcopy.go:1982.69,1983.34 1 0
github.com/rajsinghtech/tailscale-gateway/api/v1alpha1/zz_generated.deepcopy.go:1983.34,1985.3 1 0
github.com/rajsinghtech/tailscale-gateway/api/v1alpha1/zz_generated.deepcopy.go:1986.2,1986.12 1 0
github.com/rajsinghtech/tailscale-gateway/api/v1alpha1/zz_generated.deepcopy.go:1990.81,1992.26 2 0
github.com/rajsinghtech/tailscale-gateway/api/v1alpha1/zz_generated.deepcopy.go:1992.26,1995.22 3 0
github.com/rajsinghtech/tailscale-gateway/api/v1alpha1/zz_generated.deepcopy.go:1995.22,1997.4 1 0
github.com/rajsinghtech/tailscale-gateway/api/v1alpha1/zz_generated.deepcopy.go:1999.2,1999.21 1 0
github.com/rajsinghtech/tailscale-gateway/api/v1alpha1/zz_generated.deepcopy.go:1999.21,2002.22 3 0
github.com/rajsinghtech/tailscale-gateway/api/v1alpha1/zz_generated.deepcopy.go:2002.22,2004.4 1 0
github.com/rajsinghtech/tailscale-gateway/api/v1alpha1/zz_generated.deepcopy.go:2009.74,2010.15 1 0
github.com/rajsinghtech/tailscale-gateway/api/v1alpha1/zz_generated.deepcopy.go:2010.15,2012.3 1 0
github.com/rajsinghtech/tailscale-gateway/api/v1alpha1/zz_generated.deepcopy.go:2013.2,2015.12 3 0
github.com/rajsinghtech/tailscale-gateway/api/v1alpha1/zz_generated.deepcopy.go:2019.85,2021.26 2 0
github.com/rajsinghtech/tailscale-gateway/api/v1alpha1/zz_generated.deepcopy.go:2021.26,2024.22 3 0
github.com/rajsinghtech/tailscale-gateway/api/v1alpha1/zz_generated.deepcopy.go:2024.22,2026.4 1 0
github.com/rajsinghtech/tailscale-gateway/api/v1alpha1/zz_generated.deepcopy.go:2028.2,2028.25 1 0
github.com/rajsinghtech/tailscale-gateway/api/v1alpha1/zz_generated.deepcopy.go:2028.25,2031.22 3 0
github.com/rajsinghtech/tailscale-gateway/api/v1alpha1/zz_generated.deepcopy.go:2031.22,2033.4 1 0
github.com/rajsinghtech/tailscale-gateway/api/v1alpha1/zz_generated.deepcopy.go:2035.2,2035.26 1 0
github.com/rajsinghtech/tailscale-gateway/api/v1alpha1/zz_generated.deepcopy.go:2035.26,2038.22 3 0
github.com/rajsinghtech/tailscale-gateway/api/v1alpha1/zz_generated.deepcopy.go:2038.22,2040.4 1 0
github.com/rajsinghtech/tailscale-gateway/api/v1alpha1/zz_generated.deepcopy.go:2042.2,2042.32 1 0
github.com/rajsinghtech/tailscale-gateway/api/v1alpha1/zz_generated.deepcopy.go:2042.32,2045.22 3 0
github.com/rajsinghtech/tailscale-gateway/api/v1alpha1/zz_generated.deepcopy.go:2045.22,2047.4 1 0
github.com/rajsinghtech/tailscale-gateway/api/v1alpha1/zz_generated.deepcopy.go:2049.2,2049.34 1 0
github.com/rajsinghtech/tailscale-gateway/api/v1alpha1/zz_generated.deepcopy.go:2049.34,2053.3 3 0
github.com/rajsinghtech/tailscale-gateway/api/v1alpha1/zz_generated.deepcopy.go:2054.2,2054.31 1 0
github.com/rajsinghtech/tailscale-gateway/api/v1alpha1/zz_generated.deepcopy.go:2054.31,2057.22 3 0
github.com/rajsinghtech/tailscale-gateway/api/v1alpha1/zz_generated.deepcopy.go:2057.22,2059.4 1 0
github.com/rajsinghtech/tailscale-gateway/api/v1alpha1/zz_generated.deepcopy.go:2064.78,2065.15 1 0
github.com/rajsinghtech/tailscale-gateway/api/v1alpha1/zz_generated.deepcopy.go:2065.15,2067.3 1 0
github.com/rajsinghtech/tailscale-gateway/api/v1alpha1/zz_generated.deepcopy.go:2068.2,2070.12 3 0
github.com/rajsinghtech/tailscale-gateway/api/v1alpha1/zz_generated.deepcopy.go:2074.65,2080.2 5 0
github.com/rajsinghtech/tailscale-gateway/api/v1alpha1/zz_generated.deepcopy.go:2083.58,2084.15 1 0
github.com/rajsinghtech/tailscale-gateway/api/v1alpha1/zz_generated.deepcopy.go:2084.15,2086.3 1 0
github.com/rajsinghtech/tailscale-gateway/api/v1alpha1/zz_generated.deepcopy.go:2087.2,2089.12 3 0
github.com/rajsinghtech/tailscale-gateway/api/v1alpha1/zz_generated.deepcopy.go:2093.61,2094.34 1 0
github.com/rajsinghtech/tailscale-gateway/api/v1alpha1/zz_generated.deepcopy.go:2094.34,2096.3 1 0
github.com/rajsinghtech/tailscale-gateway/api/v1alpha1/zz_generated.deepcopy.go:2097.2,2097.12 1 0
github.com/rajsinghtech/tailscale-gateway/api/v1alpha1/zz_generated.deepcopy.go:2101.73,2105.21 4 0
github.com/rajsinghtech/tailscale-gateway/api/v1alpha1/zz_generated.deepcopy.go:2105.21,2108.22 3 0
github.com/rajsinghtech/tailscale-gateway/api/v1alpha1/zz_generated.deepcopy.go:2108.22,2110.4 1 0
github.com/rajsinghtech/tailscale-gateway/api/v1alpha1/zz_generated.deepcopy.go:2115.66,2116.15 1 0
github.com/rajsinghtech/tailscale-gateway/api/v1alpha1/zz_generated.deepcopy.go:2116.15,2118.3 1 0
github.com/rajsinghtech/tailscale-gateway/api/v1alpha1/zz_generated.deepcopy.go:2119.2,2121.12 3 0
github.com/rajsinghtech/tailscale-gateway/api/v1alpha1/zz_generated.deepcopy.go:2125.65,2126.34 1 0
github.com/rajsinghtech/tailscale-gateway/api/v1alpha1/zz_generated.deepcopy.go:2126.34,2128.3 1 0
github.com/rajsinghtech/tailscale-gateway/api/v1alpha1/zz_generated.deepcopy.go:2129.2,2129.12 1 0
github.com/rajsinghtech/tailscale-gateway/api/v1alpha1/zz_generated.deepcopy.go:2133.73,2135.20 2 0
github.com/rajsinghtech/tailscale-gateway/api/v1alpha1/zz_generated.deepcopy.go:2135.20,2139.3 3 0
github.com/rajsinghtech/tailscale-gateway/api/v1alpha1/zz_generated.deepcopy.go:2143.66,2144.15 1 0
github.com/rajsinghtech/tailscale-gateway/api/v1alpha1/zz_generated.deepcopy.go:2144.15,2146.3 1 0
github.com/rajsinghtech/tailscale-gateway/api/v1alpha1/zz_generated.deepcopy.go:2147.2,2149.12 3 0
github.com/rajsinghtech/tailscale-gateway/api/v1alpha1/zz_generated.deepcopy.go:2153.77,2155.26 2 0
github.com/rajsinghtech/tailscale-gateway/api/v1alpha1/zz_generated.deepcopy.go:2155.26,2158.22 3 0
github.com/rajsinghtech/tailscale-gateway/api/v1alpha1/zz_generated.deepcopy.go:2158.22,2160.4 1 0
github.com/rajsinghtech/tailscale-gateway/api/v1alpha1/zz_generated.deepcopy.go:2162.2,2162.27 1 0
github.com/rajsinghtech/tailscale-gateway/api/v1alpha1/zz_generated.deepcopy.go:2162.27,2166.3 3 0
github.com/rajsinghtech/tailscale-gateway/api/v1alpha1/zz_generated.deepcopy.go:2167.2,2167.28 1 0
github.com/rajsinghtech/tailscale-gateway/api/v1alpha1/zz_generated.deepcopy.go:2167.28,2170.3 2 0
github.com/rajsinghtech/tailscale-gateway/api/v1alpha1/zz_generated.deepcopy.go:2171.2,2171.25 1 0
github.com/rajsinghtech/tailscale-gateway/api/v1alpha1/zz_generated.deepcopy.go:2171.25,2175.3 3 0
github.com/rajsinghtech/tailscale-gateway/api/v1alpha1/zz_generated.deepcopy.go:2176.2,2176.32 1 0
github.com/rajsinghtech/tailscale-gateway/api/v1alpha1/zz_generated.deepcopy.go:2176.32,2180.3 3 0
github.com/rajsinghtech/tailscale-gateway/api/v1alpha1/zz_generated.deepcopy.go:2181.2,2181.34 1 0
github.com/rajsinghtech/tailscale-gateway/api/v1alpha1/zz_generated.deepcopy.go:2181.34,2185.3 3 0
github.com/rajsinghtech/tailscale-gateway/api/v1alpha1/zz_generated.deepcopy.go:2186.2,2186.28 1 0
github.com/rajsinghtech/tailscale-gateway/api/v1alpha1/zz_generated.deepcopy.go:2186.28,2189.22 3 0
github.com/rajsinghtech/tailscale-gateway/api/v1alpha1/zz_generated.deepcopy.go:2189.22,2191.4 1 0
github.com/rajsinghtech/tailscale-gateway/api/v1alpha1/zz_generated.deepcopy.go:2193.2,2193.27 1 0
github.com/rajsinghtech/tailscale-gateway/api/v1alpha1/zz_generated.deepcopy.go:2193.27,2197.3 3 0
github.com/rajsinghtech/tailscale-gateway/api/v1alpha1/zz_generated.deepcopy.go:2198.2,2198.32 1 0
github.com/rajsinghtech/tailscale-gateway/api/v1alpha1/zz_generated.deepcopy.go:2198.32,2202.3 3 0
github.com/rajsinghtech/tailscale-gateway/api/v1alpha1/zz_generated.deepcopy.go:2203.2,2203.28 1 0
github.com/rajsinghtech/tailscale-gateway/api/v1alpha1/zz_generated.deepcopy.go:2203.28,2207.3 3 0
github.com/rajsinghtech/tailscale-gateway/api/v1alpha1/zz_generated.deepcopy.go:2211.70,2212.15 1 0
github.com/rajsinghtech/tailscale-gateway/api/v1alpha1/zz_generated.deepcopy.go:2212.15,2214.3 1 0
github.com/rajsinghtech/tailscale-gateway/api/v1alpha1/zz_generated.deepcopy.go:2215.2,2217.12 3 0
github.com/rajsinghtech/tailscale-gateway/api/v1alpha1/zz_generated.deepcopy.go:2221.83,2223.28 2 0
github.com/rajsinghtech/tailscale-gateway/api/v1alpha1/zz_generated.deepcopy.go:2223.28,2227.3 3 0
github.com/rajsinghtech/tailscale-gateway/api/v1alpha1/zz_generated.deepcopy.go:2228.2,2228.27 1 0
github.com/rajsinghtech/tailscale-gateway/api/v1alpha1/zz_generated.deepcopy.go:2228.27,2232.3 3 0
github.com/rajsinghtech/tailscale-gateway/api/v1alpha1/zz_generated.deepcopy.go:2236.76,2237.15 1 0
github.com/rajsinghtech/tailscale-gateway/api/v1alpha1/zz_generated.deepcopy.go:2237.15,2239.3 1 0
github.com/rajsinghtech/tailscale-gateway/api/v1alpha1/zz_generated.deepcopy.go:2240.2,2242.12 3 0
github.com/rajsinghtech/tailscale-gateway/cmd/extension-server/main.go:53.13,56.2 2 0
github.com/rajsinghtech/tailscale-gateway/cmd/extension-server/main.go:58.13,72.50 4 0
github.com/rajsinghtech/tailscale-gateway/cmd/extension-server/main.go:72.50,75.3 2 0
github.com/rajsinghtech/tailscale-gateway/cmd/extension-server/main.go:78.2,82.16 3 0
github.com/rajsinghtech/tailscale-gateway/cmd/extension-server/main.go:82.16,85.3 2 0
github.com/rajsinghtech/tailscale-gateway/cmd/extension-server/main.go:86.2,97.16 7 0
github.com/rajsinghtech/tailscale-gateway/cmd/extension-server/main.go:97.16,100.3 2 0
github.com/rajsinghtech/tailscale-gateway/cmd/extension-server/main.go:103.2,109.16 3 0
github.com/rajsinghtech/tailscale-gateway/cmd/extension-server/main.go:109.16,112.3 2 0
github.com/rajsinghtech/tailscale-gateway/cmd/extension-server/main.go:115.2,124.16 2 0
github.com/rajsinghtech/tailscale-gateway/cmd/extension-server/main.go:124.16,127.3 2 0
github.com/rajsinghtech/tailscale-gateway/cmd/extension-server/main.go:130.2,130.69 1 0
github.com/rajsinghtech/tailscale-gateway/cmd/extension-server/main.go:130.69,133.3 2 0
github.com/rajsinghtech/tailscale-gateway/cmd/extension-server/main.go:134.2,134.67 1 0
github.com/rajsinghtech/tailscale-gateway/cmd/extension-server/main.go:134.67,137.3 2 0
github.com/rajsinghtech/tailscale-gateway/cmd/extension-server/main.go:140.2,140.12 1 0
github.com/rajsinghtech/tailscale-gateway/cmd/extension-server/main.go:140.12,142.57 2 0
github.com/rajsinghtech/tailscale-gateway/cmd/extension-server/main.go:142.57,144.4 1 0
github.com/rajsinghtech/tailscale-gateway/cmd/extension-server/main.go:148.2,159.16 6 0
github.com/rajsinghtech/tailscale-gateway/cmd/extension-server/main.go:159.16,162.3 2 0
github.com/rajsinghtech/tailscale-gateway/cmd/extension-server/main.go:165.2,168.12 3 0
github.com/rajsinghtech/tailscale-gateway/cmd/extension-server/main.go:168.12,176.13 4 0
github.com/rajsinghtech/tailscale-gateway/cmd/extension-server/main.go:176.13,179.4 2 0
github.com/rajsinghtech/tailscale-gateway/cmd/extension-server/main.go:181.3,181.10 1 0
github.com/rajsinghtech/tailscale-gateway/cmd/extension-server/main.go:182.18,183.56 1 0
github.com/rajsinghtech/tailscale-gateway/cmd/extension-server/main.go:184.39,186.21 2 0
github.com/rajsinghtech/tailscale-gateway/cmd/extension-server/main.go:190.2,196.46 2 0
github.com/rajsinghtech/tailscale-gateway/cmd/extension-server/main.go:196.46,199.3 2 0
github.com/rajsinghtech/tailscale-gateway/cmd/extension-server/main.go:202.53,204.15 2 0
github.com/rajsinghtech/tailscale-gateway/cmd/extension-server/main.go:205.15,206.32 1 0
github.com/rajsinghtech/tailscale-gateway/cmd/extension-server/main.go:207.14,208.31 1 0
github.com/rajsinghtech/tailscale-gateway/cmd/extension-server/main.go:209.14,210.31 1 0
github.com/rajsinghtech/tailscale-gateway/cmd/extension-server/main.go:211.15,212.32 1 0
github.com/rajsinghtech/tailscale-gateway/cmd/extension-server/main.go:213.10,214.31 1 0
github.com/rajsinghtech/tailscale-gateway/cmd/extension-server/main.go:217.2,223.16 6 0
github.com/rajsinghtech/tailscale-gateway/cmd/extension-server/main.go:223.16,225.3 1 0
github.com/rajsinghtech/tailscale-gateway/cmd/extension-server/main.go:227.2,227.20 1 0
github.com/rajsinghtech/tailscale-gateway/cmd/extension-server/main.go:230.45,231.15 1 0
github.com/rajsinghtech/tailscale-gateway/cmd/extension-server/main.go:232.15,233.25 1 0
github.com/rajsinghtech/tailscale-gateway/cmd/extension-server/main.go:234.14,235.24 1 0
github.com/rajsinghtech/tailscale-gateway/cmd/extension-server/main.go:236.14,237.24 1 0
github.com/rajsinghtech/tailscale-gateway/cmd/extension-server/main.go:238.15,239.25 1 0
github.com/rajsinghtech/tailscale-gateway/cmd/extension-server/main.go:240.10,241.24 1 0
github.com/rajsinghtech/tailscale-gateway/cmd/main.go:42.13,48.2 4 0
github.com/rajsinghtech/tailscale-gateway/cmd/main.go:50.13,66.50 4 0
github.com/rajsinghtech/tailscale-gateway/cmd/main.go:66.50,69.3 2 0
github.com/rajsinghtech/tailscale-gateway/cmd/main.go:72.2,72.39 1 0
github.com/rajsinghtech/tailscale-gateway/cmd/main.go:72.39,75.3 2 0
github.com/rajsinghtech/tailscale-gateway/cmd/main.go:78.2,79.16 2 0
github.com/rajsinghtech/tailscale-gateway/cmd/main.go:79.16,82.3 2 0
github.com/rajsinghtech/tailscale-gateway/cmd/main.go:83.2,92.19 6 0
github.com/rajsinghtech/tailscale-gateway/cmd/main.go:92.19,94.26 1 0
github.com/rajsinghtech/tailscale-gateway/cmd/main.go:94.26,96.5 1 0
github.com/rajsinghtech/tailscale-gateway/cmd/main.go:101.2,112.16 2 0
github.com/rajsinghtech/tailscale-gateway/cmd/main.go:112.16,115.3 2 0
github.com/rajsinghtech/tailscale-gateway/cmd/main.go:118.2,132.39 8 0
github.com/rajsinghtech/tailscale-gateway/cmd/main.go:132.39,135.3 2 0
github.com/rajsinghtech/tailscale-gateway/cmd/main.go:138.2,153.45 2 0
github.com/rajsinghtech/tailscale-gateway/cmd/main.go:153.45,156.3 2 0
github.com/rajsinghtech/tailscale-gateway/cmd/main.go:159.2,182.43 2 0
github.com/rajsinghtech/tailscale-gateway/cmd/main.go:182.43,185.3 2 0
github.com/rajsinghtech/tailscale-gateway/cmd/main.go:188.2,207.47 2 0
github.com/rajsinghtech/tailscale-gateway/cmd/main.go:207.47,210.3 2 0
[...]
github.com/rajsinghtech/tailscale-gateway/internal/controller/tailscaleroutepolicy_controller.go:214.2,214.41 1 0
github.com/rajsinghtech/tailscale-gateway/internal/controller/tailscaleroutepolicy_controller.go:214.41,215.78 1 0
github.com/rajsinghtech/tailscale-gateway/internal/controller/tailscaleroutepolicy_controller.go:215.78,217.12 2 0
github.com/rajsinghtech/tailscale-gateway/internal/controller/tailscaleroutepolicy_controller.go:222.2,222.49 1 0
github.com/rajsinghtech/tailscale-gateway/internal/controller/tailscaleroutepolicy_controller.go:222.49,224.3 1 0
github.com/rajsinghtech/tailscale-gateway/internal/controller/tailscaleroutepolicy_controller.go:226.2,227.12 2 0
github.com/rajsinghtech/tailscale-gateway/internal/controller/tailscaleroutepolicy_controller.go:231.199,241.58 4 0
github.com/rajsinghtech/tailscale-gateway/internal/controller/tailscaleroutepolicy_controller.go:241.58,243.3 1 0
github.com/rajsinghtech/tailscale-gateway/internal/controller/tailscaleroutepolicy_controller.go:246.2,246.41 1 0
github.com/rajsinghtech/tailscale-gateway/internal/controller/tailscaleroutepolicy_controller.go:246.41,247.85 1 0
github.com/rajsinghtech/tailscale-gateway/internal/controller/tailscaleroutepolicy_controller.go:247.85,249.12 2 0
github.com/rajsinghtech/tailscale-gateway/internal/controller/tailscaleroutepolicy_controller.go:253.2,254.12 2 0
github.com/rajsinghtech/tailscale-gateway/internal/controller/tailscaleroutepolicy_controller.go:258.114,259.33 1 0
github.com/rajsinghtech/tailscale-gateway/internal/controller/tailscaleroutepolicy_controller.go:259.33,261.3 1 0
github.com/rajsinghtech/tailscale-gateway/internal/controller/tailscaleroutepolicy_controller.go:263.2,263.41 1 0
github.com/rajsinghtech/tailscale-gateway/internal/controller/tailscaleroutepolicy_controller.go:263.41,264.43 1 0
github.com/rajsinghtech/tailscale-gateway/internal/controller/tailscaleroutepolicy_controller.go:264.43,266.4 1 0
github.com/rajsinghtech/tailscale-gateway/internal/controller/tailscaleroutepolicy_controller.go:273.2,273.12 1 0
github.com/rajsinghtech/tailscale-gateway/internal/controller/tailscaleroutepolicy_controller.go:277.193,279.32 1 0
github.com/rajsinghtech/tailscale-gateway/internal/controller/tailscaleroutepolicy_controller.go:279.32,281.3 1 0
github.com/rajsinghtech/tailscale-gateway/internal/controller/tailscaleroutepolicy_controller.go:283.2,285.22 3 0
github.com/rajsinghtech/tailscale-gateway/internal/controller/tailscaleroutepolicy_controller.go:285.22,287.3 1 0
github.com/rajsinghtech/tailscale-gateway/internal/controller/tailscaleroutepolicy_controller.go:288.2,291.31 2 0
github.com/rajsinghtech/tailscale-gateway/internal/controller/tailscaleroutepolicy_controller.go:295.199,297.34 1 0
github.com/rajsinghtech/tailscale-gateway/internal/controller/tailscaleroutepolicy_controller.go:297.34,299.3 1 0
github.com/rajsinghtech/tailscale-gateway/internal/controller/tailscaleroutepolicy_controller.go:301.2,303.22 3 0
github.com/rajsinghtech/tailscale-gateway/internal/controller/tailscaleroutepolicy_controller.go:303.22,305.3 1 0
github.com/rajsinghtech/tailscale-gateway/internal/controller/tailscaleroutepolicy_controller.go:306.2,314.12 2 0
github.com/rajsinghtech/tailscale-gateway/internal/controller/tailscaleroutepolicy_controller.go:318.221,326.34 1 0
github.com/rajsinghtech/tailscale-gateway/internal/controller/tailscaleroutepolicy_controller.go:326.34,328.3 1 0
github.com/rajsinghtech/tailscale-gateway/internal/controller/tailscaleroutepolicy_controller.go:330.2,332.22 3 0
github.com/rajsinghtech/tailscale-gateway/internal/controller/tailscaleroutepolicy_controller.go:332.22,334.3 1 0
github.com/rajsinghtech/tailscale-gateway/internal/controller/tailscaleroutepolicy_controller.go:335.2,337.33 2 0
github.com/rajsinghtech/tailscale-gateway/internal/controller/tailscaleroutepolicy_controller.go:341.145,344.77 2 0
github.com/rajsinghtech/tailscale-gateway/internal/controller/tailscaleroutepolicy_controller.go:344.77,348.52 2 0
github.com/rajsinghtech/tailscale-gateway/internal/controller/tailscaleroutepolicy_controller.go:348.52,349.69 1 0
github.com/rajsinghtech/tailscale-gateway/internal/controller/tailscaleroutepolicy_controller.go:349.69,352.5 1 0
github.com/rajsinghtech/tailscale-gateway/internal/controller/tailscaleroutepolicy_controller.go:356.3,357.47 2 0
github.com/rajsinghtech/tailscale-gateway/internal/controller/tailscaleroutepolicy_controller.go:357.47,359.4 1 0
github.com/rajsinghtech/tailscale-gateway/internal/controller/tailscaleroutepolicy_controller.go:362.2,362.27 1 0
github.com/rajsinghtech/tailscale-gateway/internal/controller/tailscaleroutepolicy_controller.go:366.186,369.24 2 0
github.com/rajsinghtech/tailscale-gateway/internal/controller/tailscaleroutepolicy_controller.go:370.17,373.50 3 0
github.com/rajsinghtech/tailscale-gateway/internal/controller/tailscaleroutepolicy_controller.go:373.50,374.33 1 0
github.com/rajsinghtech/tailscale-gateway/internal/controller/tailscaleroutepolicy_controller.go:374.33,376.5 1 0
github.com/rajsinghtech/tailscale-gateway/internal/controller/tailscaleroutepolicy_controller.go:377.4,377.14 1 0
github.com/rajsinghtech/tailscale-gateway/internal/controller/tailscaleroutepolicy_controller.go:379.3,379.33 1 0
github.com/rajsinghtech/tailscale-gateway/internal/controller/tailscaleroutepolicy_controller.go:379.33,382.4 2 0
github.com/rajsinghtech/tailscale-gateway/internal/controller/tailscaleroutepolicy_controller.go:384.19,387.52 3 0
github.com/rajsinghtech/tailscale-gateway/internal/controller/tailscaleroutepolicy_controller.go:387.52,388.33 1 0
github.com/rajsinghtech/tailscale-gateway/internal/controller/tailscaleroutepolicy_controller.go:388.33,390.5 1 0
github.com/rajsinghtech/tailscale-gateway/internal/controller/tailscaleroutepolicy_controller.go:391.4,391.14 1 0
github.com/rajsinghtech/tailscale-gateway/internal/controller/tailscaleroutepolicy_controller.go:393.3,393.35 1 0
github.com/rajsinghtech/tailscale-gateway/internal/controller/tailscaleroutepolicy_controller.go:393.35,396.4 2 0
github.com/rajsinghtech/tailscale-gateway/internal/controller/tailscaleroutepolicy_controller.go:398.26,401.52 3 0
github.com/rajsinghtech/tailscale-gateway/internal/controller/tailscaleroutepolicy_controller.go:401.52,402.33 1 0
github.com/rajsinghtech/tailscale-gateway/internal/controller/tailscaleroutepolicy_controller.go:402.33,404.5 1 0
github.com/rajsinghtech/tailscale-gateway/internal/controller/tailscaleroutepolicy_controller.go:405.4,405.14 1 0
github.com/rajsinghtech/tailscale-gateway/internal/controller/tailscaleroutepolicy_controller.go:407.3,407.35 1 0
github.com/rajsinghtech/tailscale-gateway/internal/controller/tailscaleroutepolicy_controller.go:407.35,410.4 2 0
github.com/rajsinghtech/tailscale-gateway/internal/controller/tailscaleroutepolicy_controller.go:413.2,413.12 1 0
github.com/rajsinghtech/tailscale-gateway/internal/controller/tailscaleroutepolicy_controller.go:417.181,419.2 1 0
github.com/rajsinghtech/tailscale-gateway/internal/controller/tailscaleroutepolicy_controller.go:424.106,425.31 1 0
github.com/rajsinghtech/tailscale-gateway/internal/controller/tailscaleroutepolicy_controller.go:425.31,427.3 1 0
github.com/rajsinghtech/tailscale-gateway/internal/controller/tailscaleroutepolicy_controller.go:429.2,430.9 2 0
github.com/rajsinghtech/tailscale-gateway/internal/controller/tailscaleroutepolicy_controller.go:431.61,432.108 1 0
github.com/rajsinghtech/tailscale-gateway/internal/controller/tailscaleroutepolicy_controller.go:433.20,434.9 1 0
github.com/rajsinghtech/tailscale-gateway/internal/controller/tailscaleroutepolicy_controller.go:435.10,436.97 1 0
github.com/rajsinghtech/tailscale-gateway/internal/controller/tailscaleroutepolicy_controller.go:441.105,444.33 2 0
github.com/rajsinghtech/tailscale-gateway/internal/controller/tailscaleroutepolicy_controller.go:444.33,445.10 1 0
github.com/rajsinghtech/tailscale-gateway/internal/controller/tailscaleroutepolicy_controller.go:446.64,447.111 1 0
github.com/rajsinghtech/tailscale-gateway/internal/controller/tailscaleroutepolicy_controller.go:448.21,449.10 1 0
github.com/rajsinghtech/tailscale-gateway/internal/controller/tailscaleroutepolicy_controller.go:450.11,451.100 1 0
github.com/rajsinghtech/tailscale-gateway/internal/controller/tailscaleroutepolicy_controller.go:455.2,455.32 1 0
github.com/rajsinghtech/tailscale-gateway/internal/controller/tailscaleroutepolicy_controller.go:455.32,456.10 1 0
github.com/rajsinghtech/tailscale-gateway/internal/controller/tailscaleroutepolicy_controller.go:457.63,457.63 0 0
github.com/rajsinghtech/tailscale-gateway/internal/controller/tailscaleroutepolicy_controller.go:458.21,459.10 1 0
github.com/rajsinghtech/tailscale-gateway/internal/controller/tailscaleroutepolicy_controller.go:460.11,460.11 0 0
github.com/rajsinghtech/tailscale-gateway/internal/controller/tailscaleroutepolicy_controller.go:464.2,464.32 1 0
github.com/rajsinghtech/tailscale-gateway/internal/controller/tailscaleroutepolicy_controller.go:464.32,465.10 1 0
github.com/rajsinghtech/tailscale-gateway/internal/controller/tailscaleroutepolicy_controller.go:466.63,466.63 0 0
github.com/rajsinghtech/tailscale-gateway/internal/controller/tailscaleroutepolicy_controller.go:467.21,468.10 1 0
github.com/rajsinghtech/tailscale-gateway/internal/controller/tailscaleroutepolicy_controller.go:469.11,469.11 0 0
github.com/rajsinghtech/tailscale-gateway/internal/controller/tailscaleroutepolicy_controller.go:473.2,473.32 1 0
github.com/rajsinghtech/tailscale-gateway/internal/controller/tailscaleroutepolicy_controller.go:473.32,474.10 1 0
github.com/rajsinghtech/tailscale-gateway/internal/controller/tailscaleroutepolicy_controller.go:475.63,475.63 0 0
github.com/rajsinghtech/tailscale-gateway/internal/controller/tailscaleroutepolicy_controller.go:476.21,477.10 1 0
github.com/rajsinghtech/tailscale-gateway/internal/controller/tailscaleroutepolicy_controller.go:478.11,478.11 0 0
github.com/rajsinghtech/tailscale-gateway/internal/controller/tailscaleroutepolicy_controller.go:482.2,482.33 1 0
github.com/rajsinghtech/tailscale-gateway/internal/controller/tailscaleroutepolicy_controller.go:482.33,483.10 1 0
github.com/rajsinghtech/tailscale-gateway/internal/controller/tailscaleroutepolicy_controller.go:484.64,484.64 0 0
github.com/rajsinghtech/tailscale-gateway/internal/controller/tailscaleroutepolicy_controller.go:485.21,486.10 1 0
github.com/rajsinghtech/tailscale-gateway/internal/controller/tailscaleroutepolicy_controller.go:487.11,487.11 0 0
github.com/rajsinghtech/tailscale-gateway/internal/controller/tailscaleroutepolicy_controller.go:493.103,496.2 2 0
github.com/rajsinghtech/tailscale-gateway/internal/controller/tailscaleroutepolicy_controller.go:499.83,515.2 1 0
github.com/rajsinghtech/tailscale-gateway/internal/controller/tailscaleroutepolicy_controller.go:518.123,523.86 3 0
github.com/rajsinghtech/tailscale-gateway/internal/controller/tailscaleroutepolicy_controller.go:523.86,525.3 1 0
github.com/rajsinghtech/tailscale-gateway/internal/controller/tailscaleroutepolicy_controller.go:527.2,528.40 2 0
github.com/rajsinghtech/tailscale-gateway/internal/controller/tailscaleroutepolicy_controller.go:528.40,529.52 1 0
github.com/rajsinghtech/tailscale-gateway/internal/controller/tailscaleroutepolicy_controller.go:529.52,530.77 1 0
github.com/rajsinghtech/tailscale-gateway/internal/controller/tailscaleroutepolicy_controller.go:530.77,537.10 2 0
github.com/rajsinghtech/tailscale-gateway/internal/controller/tailscaleroutepolicy_controller.go:542.2,542.17 1 0
github.com/rajsinghtech/tailscale-gateway/internal/controller/tailscaleroutepolicy_controller.go:546.125,551.88 3 0
github.com/rajsinghtech/tailscale-gateway/internal/controller/tailscaleroutepolicy_controller.go:551.88,553.3 1 0
github.com/rajsinghtech/tailscale-gateway/internal/controller/tailscaleroutepolicy_controller.go:555.2,556.40 2 0
github.com/rajsinghtech/tailscale-gateway/internal/controller/tailscaleroutepolicy_controller.go:556.40,557.52 1 0
github.com/rajsinghtech/tailscale-gateway/internal/controller/tailscaleroutepolicy_controller.go:557.52,558.81 1 0
github.com/rajsinghtech/tailscale-gateway/internal/controller/tailscaleroutepolicy_controller.go:558.81,565.10 2 0
github.com/rajsinghtech/tailscale-gateway/internal/controller/tailscaleroutepolicy_controller.go:570.2,570.17 1 0
github.com/rajsinghtech/tailscale-gateway/internal/controller/tailscaleroutepolicy_controller.go:574.132,579.88 3 0
github.com/rajsinghtech/tailscale-gateway/internal/controller/tailscaleroutepolicy_controller.go:579.88,581.3 1 0
github.com/rajsinghtech/tailscale-gateway/internal/controller/tailscaleroutepolicy_controller.go:583.2,584.40 2 0
github.com/rajsinghtech/tailscale-gateway/internal/controller/tailscaleroutepolicy_controller.go:584.40,585.52 1 0
github.com/rajsinghtech/tailscale-gateway/internal/controller/tailscaleroutepolicy_controller.go:585.52,586.88 1 0
github.com/rajsinghtech/tailscale-gateway/internal/controller/tailscaleroutepolicy_controller.go:586.88,593.10 2 0
github.com/rajsinghtech/tailscale-gateway/internal/controller/tailscaleroutepolicy_controller.go:598.2,598.17 1 0
github.com/rajsinghtech/tailscale-gateway/internal/controller/tailscaletailnet_controller.go:62.108,67.64 4 0
github.com/rajsinghtech/tailscale-gateway/internal/controller/tailscaletailnet_controller.go:67.64,68.32 1 0
github.com/rajsinghtech/tailscale-gateway/internal/controller/tailscaletailnet_controller.go:68.32,70.4 1 0
github.com/rajsinghtech/tailscale-gateway/internal/controller/tailscaletailnet_controller.go:71.3,71.28 1 0
github.com/rajsinghtech/tailscale-gateway/internal/controller/tailscaletailnet_controller.go:75.2,75.75 1 0
github.com/rajsinghtech/tailscale-gateway/internal/controller/tailscaletailnet_controller.go:75.75,78.3 2 0
github.com/rajsinghtech/tailscale-gateway/internal/controller/tailscaletailnet_controller.go:81.2,81.41 1 0
github.com/rajsinghtech/tailscale-gateway/internal/controller/tailscaletailnet_controller.go:81.41,83.3 1 0
github.com/rajsinghtech/tailscale-gateway/internal/controller/tailscaletailnet_controller.go:86.2,91.16 4 0
github.com/rajsinghtech/tailscale-gateway/internal/controller/tailscaletailnet_controller.go:91.16,94.3 2 0
github.com/rajsinghtech/tailscale-gateway/internal/controller/tailscaletailnet_controller.go:97.2,98.20 2 0
github.com/rajsinghtech/tailscale-gateway/internal/controller/tailscaletailnet_controller.go:102.140,107.16 3 0
github.com/rajsinghtech/tailscale-gateway/internal/controller/tailscaletailnet_controller.go:107.16,111.3 3 0
github.com/rajsinghtech/tailscale-gateway/internal/controller/tailscaletailnet_controller.go:114.2,114.75 1 0
github.com/rajsinghtech/tailscale-gateway/internal/controller/tailscaletailnet_controller.go:114.75,118.3 3 0
github.com/rajsinghtech/tailscale-gateway/internal/controller/tailscaletailnet_controller.go:121.2,124.79 2 0
github.com/rajsinghtech/tailscale-gateway/internal/controller/tailscaletailnet_controller.go:124.79,128.3 2 0
github.com/rajsinghtech/tailscale-gateway/internal/controller/tailscaletailnet_controller.go:128.8,130.3 1 0
github.com/rajsinghtech/tailscale-gateway/internal/controller/tailscaletailnet_controller.go:132.2,138.56 4 0
github.com/rajsinghtech/tailscale-gateway/internal/controller/tailscaletailnet_controller.go:138.56,140.3 1 0
github.com/rajsinghtech/tailscale-gateway/internal/controller/tailscaletailnet_controller.go:142.2,145.60 3 0
github.com/rajsinghtech/tailscale-gateway/internal/controller/tailscaletailnet_controller.go:149.150,151.27 2 0
github.com/rajsinghtech/tailscale-gateway/internal/controller/tailscaletailnet_controller.go:151.27,153.3 1 0
github.com/rajsinghtech/tailscale-gateway/internal/controller/tailscaletailnet_controller.go:156.2,158.16 3 0
github.com/rajsinghtech/tailscale-gateway/internal/controller/tailscaletailnet_controller.go:158.16,160.3 1 0
github.com/rajsinghtech/tailscale-gateway/internal/controller/tailscaletailnet_controller.go:162.2,164.42 3 0
github.com/rajsinghtech/tailscale-gateway/internal/controller/tailscaletailnet_controller.go:164.42,166.3 1 0
github.com/rajsinghtech/tailscale-gateway/internal/controller/tailscaletailnet_controller.go:170.2,177.41 2 0
github.com/rajsinghtech/tailscale-gateway/internal/controller/tailscaletailnet_controller.go:181.160,184.20 2 0
github.com/rajsinghtech/tailscale-gateway/internal/controller/tailscaletailnet_controller.go:184.20,186.3 1 0
github.com/rajsinghtech/tailscale-gateway/internal/controller/tailscaletailnet_controller.go:189.2,197.16 7 0
github.com/rajsinghtech/tailscale-gateway/internal/controller/tailscaletailnet_controller.go:197.16,199.30 2 0
github.com/rajsinghtech/tailscale-gateway/internal/controller/tailscaletailnet_controller.go:199.30,201.83 1 0
github.com/rajsinghtech/tailscale-gateway/internal/controller/tailscaletailnet_controller.go:201.83,203.5 1 0
github.com/rajsinghtech/tailscale-gateway/internal/controller/tailscaletailnet_controller.go:204.4,204.80 1 0
github.com/rajsinghtech/tailscale-gateway/internal/controller/tailscaletailnet_controller.go:204.80,206.5 1 0
github.com/rajsinghtech/tailscale-gateway/internal/controller/tailscaletailnet_controller.go:207.4,207.70 1 0
github.com/rajsinghtech/tailscale-gateway/internal/controller/tailscaletailnet_controller.go:209.3,209.69 1 0
github.com/rajsinghtech/tailscale-gateway/internal/controller/tailscaletailnet_controller.go:213.2,216.40 2 0
github.com/rajsinghtech/tailscale-gateway/internal/controller/tailscaletailnet_controller.go:216.40,217.61 1 0
github.com/rajsinghtech/tailscale-gateway/internal/controller/tailscaletailnet_controller.go:217.61,220.4 1 0
github.com/rajsinghtech/tailscale-gateway/internal/controller/tailscaletailnet_controller.go:220.9,222.4 1 0
github.com/rajsinghtech/tailscale-gateway/internal/controller/tailscaletailnet_controller.go:225.2,225.12 1 0
github.com/rajsinghtech/tailscale-gateway/internal/controller/tailscaletailnet_controller.go:229.164,231.16 2 0
github.com/rajsinghtech/tailscale-gateway/internal/controller/tailscaletailnet_controller.go:231.16,233.3 1 0
github.com/rajsinghtech/tailscale-gateway/internal/controller/tailscaletailnet_controller.go:236.2,242.46 2 0
github.com/rajsinghtech/tailscale-gateway/internal/controller/tailscaletailnet_controller.go:242.46,244.3 1 0
github.com/rajsinghtech/tailscale-gateway/internal/controller/tailscaletailnet_controller.go:246.2,247.12 2 0
github.com/rajsinghtech/tailscale-gateway/internal/controller/tailscaletailnet_controller.go:251.138,259.2 4 0
github.com/rajsinghtech/tailscale-gateway/internal/controller/tailscaletailnet_controller.go:262.215,264.2 1 0
github.com/rajsinghtech/tailscale-gateway/internal/controller/tailscaletailnet_controller.go:266.137,268.16 2 0
github.com/rajsinghtech/tailscale-gateway/internal/controller/tailscaletailnet_controller.go:268.16,270.3 1 0
github.com/rajsinghtech/tailscale-gateway/internal/controller/tailscaletailnet_controller.go:272.2,281.24 2 0
github.com/rajsinghtech/tailscale-gateway/internal/controller/tailscaletailnet_controller.go:281.24,286.3 1 0
github.com/rajsinghtech/tailscale-gateway/internal/controller/tailscaletailnet_controller.go:288.2,288.75 1 0
github.com/rajsinghtech/tailscale-gateway/internal/controller/tailscaletailnet_controller.go:291.141,294.46 2 0
github.com/rajsinghtech/tailscale-gateway/internal/controller/tailscaletailnet_controller.go:294.46,296.3 1 0
github.com/rajsinghtech/tailscale-gateway/internal/controller/tailscaletailnet_controller.go:298.2,302.37 4 0
github.com/rajsinghtech/tailscale-gateway/internal/controller/tailscaletailnet_controller.go:302.37,304.3 1 0
github.com/rajsinghtech/tailscale-gateway/internal/controller/tailscaletailnet_controller.go:306.2,306.56 1 0
github.com/rajsinghtech/tailscale-gateway/internal/controller/tailscaletailnet_controller.go:306.56,308.3 1 0
github.com/rajsinghtech/tailscale-gateway/internal/controller/tailscaletailnet_controller.go:312.79,316.2 1 0
